{"/home/travis/build/npmtest/node-npmtest-css-layout/test.js":{"path":"/home/travis/build/npmtest/node-npmtest-css-layout/test.js","s":{"1":2,"2":2,"3":2,"4":2,"5":2,"6":2,"7":2,"8":1,"9":2,"10":2,"11":1,"12":1,"13":1,"14":1,"15":2,"16":2,"17":2,"18":2,"19":1,"20":1,"21":2,"22":2,"23":2,"24":1,"25":1,"26":1,"27":1,"28":1,"29":1,"30":1,"31":1,"32":1,"33":1,"34":1,"35":1,"36":1,"37":1,"38":1,"39":2,"40":2,"41":1,"42":2,"43":2,"44":1,"45":2,"46":2,"47":1,"48":2,"49":2,"50":1,"51":1,"52":1,"53":1,"54":1},"b":{"1":[2,1,1,1],"2":[1,1,1,1],"3":[1,1],"4":[1,1],"5":[1,1],"6":[1,1],"7":[1,1],"8":[1,1],"9":[1,1],"10":[1,1,1],"11":[1,1],"12":[1,1],"13":[1,1],"14":[1,1],"15":[1,1],"16":[1,1],"17":[1,1]},"f":{"1":2,"2":2,"3":2,"4":2,"5":2,"6":1,"7":1,"8":1,"9":2,"10":2,"11":2,"12":2,"13":1},"fnMap":{"1":{"name":"(anonymous_1)","line":12,"loc":{"start":{"line":12,"column":1},"end":{"line":12,"column":13}}},"2":{"name":"(anonymous_2)","line":19,"loc":{"start":{"line":19,"column":5},"end":{"line":19,"column":17}}},"3":{"name":"(anonymous_3)","line":23,"loc":{"start":{"line":23,"column":24},"end":{"line":23,"column":36}}},"4":{"name":"(anonymous_4)","line":61,"loc":{"start":{"line":61,"column":5},"end":{"line":61,"column":17}}},"5":{"name":"(anonymous_5)","line":82,"loc":{"start":{"line":82,"column":5},"end":{"line":82,"column":17}}},"6":{"name":"(anonymous_6)","line":91,"loc":{"start":{"line":91,"column":77},"end":{"line":94,"column":10}}},"7":{"name":"(anonymous_7)","line":112,"loc":{"start":{"line":112,"column":83},"end":{"line":115,"column":10}},"skip":true},"8":{"name":"(anonymous_8)","line":123,"loc":{"start":{"line":123,"column":77},"end":{"line":126,"column":10}},"skip":true},"9":{"name":"(anonymous_9)","line":139,"loc":{"start":{"line":139,"column":12},"end":{"line":139,"column":40}},"skip":true},"10":{"name":"(anonymous_10)","line":147,"loc":{"start":{"line":147,"column":77},"end":{"line":150,"column":10}},"skip":true},"11":{"name":"(anonymous_11)","line":158,"loc":{"start":{"line":158,"column":83},"end":{"line":161,"column":10}},"skip":true},"12":{"name":"(anonymous_12)","line":169,"loc":{"start":{"line":169,"column":79},"end":{"line":172,"column":10}},"skip":true},"13":{"name":"(anonymous_13)","line":180,"loc":{"start":{"line":180,"column":75},"end":{"line":183,"column":10}},"skip":true}},"statementMap":{"1":{"start":{"line":12,"column":0},"end":{"line":195,"column":5}},"2":{"start":{"line":14,"column":4},"end":{"line":14,"column":14}},"3":{"start":{"line":19,"column":4},"end":{"line":56,"column":9}},"4":{"start":{"line":21,"column":8},"end":{"line":21,"column":19}},"5":{"start":{"line":23,"column":8},"end":{"line":35,"column":13}},"6":{"start":{"line":24,"column":12},"end":{"line":34,"column":13}},"7":{"start":{"line":25,"column":16},"end":{"line":28,"column":30}},"8":{"start":{"line":30,"column":16},"end":{"line":33,"column":27}},"9":{"start":{"line":37,"column":8},"end":{"line":39,"column":21}},"10":{"start":{"line":40,"column":8},"end":{"line":53,"column":9}},"11":{"start":{"line":43,"column":12},"end":{"line":46,"column":14}},"12":{"start":{"line":47,"column":12},"end":{"line":47,"column":18}},"13":{"start":{"line":50,"column":12},"end":{"line":51,"column":33}},"14":{"start":{"line":52,"column":12},"end":{"line":52,"column":18}},"15":{"start":{"line":55,"column":8},"end":{"line":55,"column":35}},"16":{"start":{"line":61,"column":4},"end":{"line":63,"column":9}},"17":{"start":{"line":62,"column":8},"end":{"line":62,"column":15}},"18":{"start":{"line":64,"column":4},"end":{"line":77,"column":5}},"19":{"start":{"line":70,"column":8},"end":{"line":70,"column":14}},"20":{"start":{"line":76,"column":8},"end":{"line":76,"column":14}},"21":{"start":{"line":82,"column":4},"end":{"line":84,"column":9}},"22":{"start":{"line":83,"column":8},"end":{"line":83,"column":15}},"23":{"start":{"line":85,"column":4},"end":{"line":194,"column":5}},"24":{"start":{"line":91,"column":8},"end":{"line":99,"column":10}},"25":{"start":{"line":98,"column":12},"end":{"line":98,"column":35}},"26":{"start":{"line":102,"column":8},"end":{"line":104,"column":63}},"27":{"start":{"line":105,"column":8},"end":{"line":105,"column":14}},"28":{"start":{"line":112,"column":8},"end":{"line":121,"column":10},"skip":true},"29":{"start":{"line":119,"column":12},"end":{"line":119,"column":55},"skip":true},"30":{"start":{"line":120,"column":12},"end":{"line":120,"column":48},"skip":true},"31":{"start":{"line":123,"column":8},"end":{"line":136,"column":10},"skip":true},"32":{"start":{"line":130,"column":12},"end":{"line":130,"column":76},"skip":true},"33":{"start":{"line":131,"column":12},"end":{"line":131,"column":73},"skip":true},"34":{"start":{"line":132,"column":12},"end":{"line":132,"column":74},"skip":true},"35":{"start":{"line":133,"column":12},"end":{"line":133,"column":79},"skip":true},"36":{"start":{"line":134,"column":12},"end":{"line":134,"column":25},"skip":true},"37":{"start":{"line":135,"column":12},"end":{"line":135,"column":45},"skip":true},"38":{"start":{"line":138,"column":8},"end":{"line":145,"column":14},"skip":true},"39":{"start":{"line":143,"column":16},"end":{"line":143,"column":29},"skip":true},"40":{"start":{"line":144,"column":16},"end":{"line":144,"column":55},"skip":true},"41":{"start":{"line":147,"column":8},"end":{"line":156,"column":10},"skip":true},"42":{"start":{"line":154,"column":12},"end":{"line":154,"column":25},"skip":true},"43":{"start":{"line":155,"column":12},"end":{"line":155,"column":45},"skip":true},"44":{"start":{"line":158,"column":8},"end":{"line":167,"column":10},"skip":true},"45":{"start":{"line":165,"column":12},"end":{"line":165,"column":25},"skip":true},"46":{"start":{"line":166,"column":12},"end":{"line":166,"column":48},"skip":true},"47":{"start":{"line":169,"column":8},"end":{"line":178,"column":10},"skip":true},"48":{"start":{"line":176,"column":12},"end":{"line":176,"column":25},"skip":true},"49":{"start":{"line":177,"column":12},"end":{"line":177,"column":46},"skip":true},"50":{"start":{"line":180,"column":8},"end":{"line":189,"column":10},"skip":true},"51":{"start":{"line":187,"column":12},"end":{"line":187,"column":94},"skip":true},"52":{"start":{"line":188,"column":12},"end":{"line":188,"column":48},"skip":true},"53":{"start":{"line":192,"column":8},"end":{"line":192,"column":35},"skip":true},"54":{"start":{"line":193,"column":8},"end":{"line":193,"column":14},"skip":true}},"branchMap":{"1":{"line":25,"type":"binary-expr","locations":[{"start":{"line":25,"column":23},"end":{"line":25,"column":62}},{"start":{"line":26,"column":20},"end":{"line":26,"column":70}},{"start":{"line":27,"column":20},"end":{"line":27,"column":71}},{"start":{"line":28,"column":20},"end":{"line":28,"column":29}}]},"2":{"line":30,"type":"binary-expr","locations":[{"start":{"line":30,"column":23},"end":{"line":30,"column":37}},{"start":{"line":31,"column":20},"end":{"line":31,"column":61}},{"start":{"line":32,"column":20},"end":{"line":32,"column":70}},{"start":{"line":33,"column":20},"end":{"line":33,"column":26}}]},"3":{"line":37,"type":"cond-expr","locations":[{"start":{"line":38,"column":14},"end":{"line":38,"column":20}},{"start":{"line":39,"column":14},"end":{"line":39,"column":20}}]},"4":{"line":40,"type":"switch","locations":[{"start":{"line":42,"column":8},"end":{"line":47,"column":18}},{"start":{"line":49,"column":8},"end":{"line":52,"column":18}}]},"5":{"line":44,"type":"binary-expr","locations":[{"start":{"line":44,"column":16},"end":{"line":44,"column":44}},{"start":{"line":44,"column":48},"end":{"line":44,"column":66}}]},"6":{"line":50,"type":"binary-expr","locations":[{"start":{"line":50,"column":21},"end":{"line":50,"column":49}},{"start":{"line":50,"column":53},"end":{"line":50,"column":72}}]},"7":{"line":64,"type":"switch","locations":[{"start":{"line":69,"column":4},"end":{"line":70,"column":14}},{"start":{"line":75,"column":4},"end":{"line":76,"column":14}}]},"8":{"line":85,"type":"switch","locations":[{"start":{"line":90,"column":4},"end":{"line":105,"column":14}},{"start":{"line":111,"column":4},"end":{"line":193,"column":14},"skip":true}]},"9":{"line":91,"type":"binary-expr","locations":[{"start":{"line":91,"column":42},"end":{"line":91,"column":73}},{"start":{"line":91,"column":77},"end":{"line":99,"column":9}}]},"10":{"line":102,"type":"binary-expr","locations":[{"start":{"line":102,"column":18},"end":{"line":102,"column":32}},{"start":{"line":103,"column":12},"end":{"line":103,"column":53}},{"start":{"line":104,"column":12},"end":{"line":104,"column":61}}]},"11":{"line":112,"type":"binary-expr","locations":[{"start":{"line":112,"column":45},"end":{"line":112,"column":79},"skip":true},{"start":{"line":112,"column":83},"end":{"line":121,"column":9},"skip":true}]},"12":{"line":123,"type":"binary-expr","locations":[{"start":{"line":123,"column":42},"end":{"line":123,"column":73},"skip":true},{"start":{"line":123,"column":77},"end":{"line":136,"column":9},"skip":true}]},"13":{"line":138,"type":"binary-expr","locations":[{"start":{"line":138,"column":48},"end":{"line":138,"column":85},"skip":true},{"start":{"line":139,"column":12},"end":{"line":145,"column":13},"skip":true}]},"14":{"line":147,"type":"binary-expr","locations":[{"start":{"line":147,"column":42},"end":{"line":147,"column":73},"skip":true},{"start":{"line":147,"column":77},"end":{"line":156,"column":9},"skip":true}]},"15":{"line":158,"type":"binary-expr","locations":[{"start":{"line":158,"column":45},"end":{"line":158,"column":79},"skip":true},{"start":{"line":158,"column":83},"end":{"line":167,"column":9},"skip":true}]},"16":{"line":169,"type":"binary-expr","locations":[{"start":{"line":169,"column":43},"end":{"line":169,"column":75},"skip":true},{"start":{"line":169,"column":79},"end":{"line":178,"column":9},"skip":true}]},"17":{"line":180,"type":"binary-expr","locations":[{"start":{"line":180,"column":41},"end":{"line":180,"column":71},"skip":true},{"start":{"line":180,"column":75},"end":{"line":189,"column":9},"skip":true}]}},"code":["/* istanbul instrument in package npmtest_css_layout */","/*jslint","    bitwise: true,","    browser: true,","    maxerr: 8,","    maxlen: 96,","    node: true,","    nomen: true,","    regexp: true,","    stupid: true","*/","(function () {","    'use strict';","    var local;","","","","    // run shared js-env code - pre-init","    (function () {","        // init local","        local = {};","        // init modeJs","        local.modeJs = (function () {","            try {","                return typeof navigator.userAgent === 'string' &&","                    typeof document.querySelector('body') === 'object' &&","                    typeof XMLHttpRequest.prototype.open === 'function' &&","                    'browser';","            } catch (errorCaughtBrowser) {","                return module.exports &&","                    typeof process.versions.node === 'string' &&","                    typeof require('http').createServer === 'function' &&","                    'node';","            }","        }());","        // init global","        local.global = local.modeJs === 'browser'","            ? window","            : global;","        switch (local.modeJs) {","        // re-init local from window.local","        case 'browser':","            local = local.global.utility2.objectSetDefault(","                local.global.utility2_rollup || local.global.local,","                local.global.utility2","            );","            break;","        // re-init local from example.js","        case 'node':","            local = (local.global.utility2_rollup || require('utility2'))","                .requireReadme();","            break;","        }","        // export local","        local.global.local = local;","    }());","","","","    // run shared js-env code - function","    (function () {","        return;","    }());","    switch (local.modeJs) {","","","","    // run browser js-env code - function","    case 'browser':","        break;","","","","    // run node js-env code - function","    case 'node':","        break;","    }","","","","    // run shared js-env code - post-init","    (function () {","        return;","    }());","    switch (local.modeJs) {","","","","    // run browser js-env code - post-init","    case 'browser':","        local.testCase_browser_nullCase = local.testCase_browser_nullCase || function (","            options,","            onError","        ) {","        /*","         * this function will test browsers's null-case handling-behavior-behavior","         */","            onError(null, options);","        };","","        // run tests","        local.nop(local.modeTest &&","            document.querySelector('#testRunButton1') &&","            document.querySelector('#testRunButton1').click());","        break;","","","","    // run node js-env code - post-init","    /* istanbul ignore next */","    case 'node':","        local.testCase_buildApidoc_default = local.testCase_buildApidoc_default || function (","            options,","            onError","        ) {","        /*","         * this function will test buildApidoc's default handling-behavior-behavior","         */","            options = { modulePathList: module.paths };","            local.buildApidoc(options, onError);","        };","","        local.testCase_buildApp_default = local.testCase_buildApp_default || function (","            options,","            onError","        ) {","        /*","         * this function will test buildApp's default handling-behavior-behavior","         */","            local.testCase_buildReadme_default(options, local.onErrorThrow);","            local.testCase_buildLib_default(options, local.onErrorThrow);","            local.testCase_buildTest_default(options, local.onErrorThrow);","            local.testCase_buildCustomOrg_default(options, local.onErrorThrow);","            options = [];","            local.buildApp(options, onError);","        };","","        local.testCase_buildCustomOrg_default = local.testCase_buildCustomOrg_default ||","            function (options, onError) {","            /*","             * this function will test buildCustomOrg's default handling-behavior","             */","                options = {};","                local.buildCustomOrg(options, onError);","            };","","        local.testCase_buildLib_default = local.testCase_buildLib_default || function (","            options,","            onError","        ) {","        /*","         * this function will test buildLib's default handling-behavior","         */","            options = {};","            local.buildLib(options, onError);","        };","","        local.testCase_buildReadme_default = local.testCase_buildReadme_default || function (","            options,","            onError","        ) {","        /*","         * this function will test buildReadme's default handling-behavior-behavior","         */","            options = {};","            local.buildReadme(options, onError);","        };","","        local.testCase_buildTest_default = local.testCase_buildTest_default || function (","            options,","            onError","        ) {","        /*","         * this function will test buildTest's default handling-behavior","         */","            options = {};","            local.buildTest(options, onError);","        };","","        local.testCase_webpage_default = local.testCase_webpage_default || function (","            options,","            onError","        ) {","        /*","         * this function will test webpage's default handling-behavior","         */","            options = { modeCoverageMerge: true, url: local.serverLocalHost + '?modeTest=1' };","            local.browserTest(options, onError);","        };","","        // run test-server","        local.testRunServer(local);","        break;","    }","}());",""],"l":{"12":2,"14":2,"19":2,"21":2,"23":2,"24":2,"25":2,"30":1,"37":2,"40":2,"43":1,"47":1,"50":1,"52":1,"55":2,"61":2,"62":2,"64":2,"70":1,"76":1,"82":2,"83":2,"85":2,"91":1,"98":1,"102":1,"105":1,"112":1,"119":1,"120":1,"123":1,"130":1,"131":1,"132":1,"133":1,"134":1,"135":1,"138":1,"143":2,"144":2,"147":1,"154":2,"155":2,"158":1,"165":2,"166":2,"169":1,"176":2,"177":2,"180":1,"187":1,"188":1,"192":1,"193":1}},"/home/travis/build/npmtest/node-npmtest-css-layout/lib.npmtest_css_layout.js":{"path":"/home/travis/build/npmtest/node-npmtest-css-layout/lib.npmtest_css_layout.js","s":{"1":2,"2":2,"3":2,"4":2,"5":2,"6":2,"7":2,"8":1,"9":2,"10":2,"11":2,"12":2,"13":1,"14":1,"15":1,"16":1},"b":{"1":[2,1,1,1],"2":[1,1,1,1],"3":[1,1],"4":[2,2],"5":[1,1]},"f":{"1":2,"2":2,"3":2},"fnMap":{"1":{"name":"(anonymous_1)","line":12,"loc":{"start":{"line":12,"column":1},"end":{"line":12,"column":13}}},"2":{"name":"(anonymous_2)","line":19,"loc":{"start":{"line":19,"column":5},"end":{"line":19,"column":17}}},"3":{"name":"(anonymous_3)","line":23,"loc":{"start":{"line":23,"column":24},"end":{"line":23,"column":36}}}},"statementMap":{"1":{"start":{"line":12,"column":0},"end":{"line":53,"column":5}},"2":{"start":{"line":14,"column":4},"end":{"line":14,"column":14}},"3":{"start":{"line":19,"column":4},"end":{"line":52,"column":9}},"4":{"start":{"line":21,"column":8},"end":{"line":21,"column":19}},"5":{"start":{"line":23,"column":8},"end":{"line":35,"column":13}},"6":{"start":{"line":24,"column":12},"end":{"line":34,"column":13}},"7":{"start":{"line":25,"column":16},"end":{"line":28,"column":30}},"8":{"start":{"line":30,"column":16},"end":{"line":33,"column":27}},"9":{"start":{"line":37,"column":8},"end":{"line":39,"column":21}},"10":{"start":{"line":41,"column":8},"end":{"line":41,"column":54}},"11":{"start":{"line":43,"column":8},"end":{"line":43,"column":55}},"12":{"start":{"line":45,"column":8},"end":{"line":51,"column":9}},"13":{"start":{"line":46,"column":12},"end":{"line":46,"column":61}},"14":{"start":{"line":48,"column":12},"end":{"line":48,"column":35}},"15":{"start":{"line":49,"column":12},"end":{"line":49,"column":49}},"16":{"start":{"line":50,"column":12},"end":{"line":50,"column":43}}},"branchMap":{"1":{"line":25,"type":"binary-expr","locations":[{"start":{"line":25,"column":23},"end":{"line":25,"column":62}},{"start":{"line":26,"column":20},"end":{"line":26,"column":70}},{"start":{"line":27,"column":20},"end":{"line":27,"column":71}},{"start":{"line":28,"column":20},"end":{"line":28,"column":29}}]},"2":{"line":30,"type":"binary-expr","locations":[{"start":{"line":30,"column":23},"end":{"line":30,"column":37}},{"start":{"line":31,"column":20},"end":{"line":31,"column":61}},{"start":{"line":32,"column":20},"end":{"line":32,"column":70}},{"start":{"line":33,"column":20},"end":{"line":33,"column":26}}]},"3":{"line":37,"type":"cond-expr","locations":[{"start":{"line":38,"column":14},"end":{"line":38,"column":20}},{"start":{"line":39,"column":14},"end":{"line":39,"column":20}}]},"4":{"line":41,"type":"binary-expr","locations":[{"start":{"line":41,"column":16},"end":{"line":41,"column":44}},{"start":{"line":41,"column":48},"end":{"line":41,"column":53}}]},"5":{"line":45,"type":"if","locations":[{"start":{"line":45,"column":8},"end":{"line":45,"column":8}},{"start":{"line":45,"column":8},"end":{"line":45,"column":8}}]}},"code":["/* istanbul instrument in package npmtest_css_layout */","/*jslint","    bitwise: true,","    browser: true,","    maxerr: 8,","    maxlen: 96,","    node: true,","    nomen: true,","    regexp: true,","    stupid: true","*/","(function () {","    'use strict';","    var local;","","","","    // run shared js-env code - pre-init","    (function () {","        // init local","        local = {};","        // init modeJs","        local.modeJs = (function () {","            try {","                return typeof navigator.userAgent === 'string' &&","                    typeof document.querySelector('body') === 'object' &&","                    typeof XMLHttpRequest.prototype.open === 'function' &&","                    'browser';","            } catch (errorCaughtBrowser) {","                return module.exports &&","                    typeof process.versions.node === 'string' &&","                    typeof require('http').createServer === 'function' &&","                    'node';","            }","        }());","        // init global","        local.global = local.modeJs === 'browser'","            ? window","            : global;","        // init utility2_rollup","        local = local.global.utility2_rollup || local;","        // init lib","        local.local = local.npmtest_css_layout = local;","        // init exports","        if (local.modeJs === 'browser') {","            local.global.utility2_npmtest_css_layout = local;","        } else {","            module.exports = local;","            module.exports.__dirname = __dirname;","            module.exports.module = module;","        }","    }());","}());",""],"l":{"12":2,"14":2,"19":2,"21":2,"23":2,"24":2,"25":2,"30":1,"37":2,"41":2,"43":2,"45":2,"46":1,"48":1,"49":1,"50":1}},"/home/travis/build/npmtest/node-npmtest-css-layout/example.js":{"path":"/home/travis/build/npmtest/node-npmtest-css-layout/example.js","s":{"1":2,"2":2,"3":2,"4":2,"5":2,"6":2,"7":2,"8":1,"9":2,"10":2,"11":2,"12":2,"13":1,"14":2,"15":2,"16":2,"17":2,"18":2,"19":0,"20":2,"21":1,"22":1,"23":1,"24":1,"25":1,"26":0,"27":0,"28":1,"29":1,"30":2,"31":0,"32":0,"33":0,"34":1,"35":2,"36":2,"37":3,"38":3,"39":3,"40":3,"41":0,"42":3,"43":3,"44":3,"45":1,"46":3,"47":1,"48":1,"49":1,"50":1,"51":1,"52":1,"53":1,"54":1,"55":1,"56":1,"57":0,"58":1,"59":6,"60":6,"61":1,"62":2,"63":0,"64":2,"65":1,"66":1,"67":0,"68":0,"69":0,"70":0,"71":0,"72":0,"73":0,"74":0,"75":0,"76":0,"77":0,"78":0,"79":0,"80":0,"81":0,"82":0,"83":0},"b":{"1":[2,1,1,1],"2":[1,1,1,1],"3":[1,1],"4":[2,2],"5":[1,1],"6":[1,1],"7":[2,0],"8":[2,1,1,1,1,1],"9":[0,2,0],"10":[1,1],"11":[2,1,1],"12":[1,0],"13":[0,2],"14":[2,0,0,0,0,0,0],"15":[0,3],"16":[3,0],"17":[1,1],"18":[0,1],"19":[1,2,0,2],"20":[1,0],"21":[1,1],"22":[0,0],"23":[0,0],"24":[0,0],"25":[0,0],"26":[0,0],"27":[0,0],"28":[0,0]},"f":{"1":2,"2":2,"3":2,"4":2,"5":2,"6":2,"7":3,"8":3,"9":3,"10":1,"11":6,"12":0},"fnMap":{"1":{"name":"(anonymous_1)","line":26,"loc":{"start":{"line":26,"column":1},"end":{"line":26,"column":13}}},"2":{"name":"(anonymous_2)","line":33,"loc":{"start":{"line":33,"column":5},"end":{"line":33,"column":17}}},"3":{"name":"(anonymous_3)","line":37,"loc":{"start":{"line":37,"column":24},"end":{"line":37,"column":36}}},"4":{"name":"(anonymous_4)","line":69,"loc":{"start":{"line":69,"column":31},"end":{"line":69,"column":48}},"skip":true},"5":{"name":"(anonymous_5)","line":78,"loc":{"start":{"line":78,"column":26},"end":{"line":78,"column":45}},"skip":true},"6":{"name":"(anonymous_6)","line":123,"loc":{"start":{"line":123,"column":33},"end":{"line":123,"column":48}},"skip":true},"7":{"name":"(anonymous_7)","line":125,"loc":{"start":{"line":125,"column":27},"end":{"line":125,"column":39}},"skip":true},"8":{"name":"(anonymous_8)","line":133,"loc":{"start":{"line":133,"column":59},"end":{"line":133,"column":74}},"skip":true},"9":{"name":"(anonymous_9)","line":143,"loc":{"start":{"line":143,"column":45},"end":{"line":143,"column":62}},"skip":true},"10":{"name":"(anonymous_10)","line":144,"loc":{"start":{"line":144,"column":73},"end":{"line":144,"column":92}},"skip":true},"11":{"name":"(anonymous_11)","line":272,"loc":{"start":{"line":272,"column":51},"end":{"line":272,"column":77}},"skip":true},"12":{"name":"(anonymous_12)","line":315,"loc":{"start":{"line":315,"column":32},"end":{"line":315,"column":61}},"skip":true}},"statementMap":{"1":{"start":{"line":26,"column":0},"end":{"line":326,"column":5}},"2":{"start":{"line":28,"column":4},"end":{"line":28,"column":14}},"3":{"start":{"line":33,"column":4},"end":{"line":60,"column":9}},"4":{"start":{"line":35,"column":8},"end":{"line":35,"column":19}},"5":{"start":{"line":37,"column":8},"end":{"line":49,"column":13}},"6":{"start":{"line":38,"column":12},"end":{"line":48,"column":13}},"7":{"start":{"line":39,"column":16},"end":{"line":42,"column":30}},"8":{"start":{"line":44,"column":16},"end":{"line":47,"column":27}},"9":{"start":{"line":51,"column":8},"end":{"line":53,"column":21}},"10":{"start":{"line":55,"column":8},"end":{"line":57,"column":45}},"11":{"start":{"line":59,"column":8},"end":{"line":59,"column":35}},"12":{"start":{"line":61,"column":4},"end":{"line":325,"column":5}},"13":{"start":{"line":69,"column":8},"end":{"line":121,"column":10},"skip":true},"14":{"start":{"line":70,"column":12},"end":{"line":88,"column":13},"skip":true},"15":{"start":{"line":76,"column":16},"end":{"line":87,"column":19},"skip":true},"16":{"start":{"line":79,"column":20},"end":{"line":86,"column":21},"skip":true},"17":{"start":{"line":82,"column":24},"end":{"line":82,"column":43},"skip":true},"18":{"start":{"line":83,"column":24},"end":{"line":83,"column":30},"skip":true},"19":{"start":{"line":85,"column":24},"end":{"line":85,"column":49},"skip":true},"20":{"start":{"line":89,"column":12},"end":{"line":107,"column":13},"skip":true},"21":{"start":{"line":92,"column":16},"end":{"line":102,"column":17},"skip":true},"22":{"start":{"line":93,"column":20},"end":{"line":93,"column":86},"skip":true},"23":{"start":{"line":94,"column":20},"end":{"line":95,"column":45},"skip":true},"24":{"start":{"line":96,"column":20},"end":{"line":96,"column":42},"skip":true},"25":{"start":{"line":97,"column":20},"end":{"line":97,"column":48},"skip":true},"26":{"start":{"line":100,"column":20},"end":{"line":100,"column":85},"skip":true},"27":{"start":{"line":101,"column":20},"end":{"line":101,"column":96},"skip":true},"28":{"start":{"line":103,"column":16},"end":{"line":103,"column":22},"skip":true},"29":{"start":{"line":106,"column":16},"end":{"line":106,"column":22},"skip":true},"30":{"start":{"line":108,"column":12},"end":{"line":120,"column":13},"skip":true},"31":{"start":{"line":114,"column":16},"end":{"line":119,"column":17},"skip":true},"32":{"start":{"line":116,"column":20},"end":{"line":116,"column":78},"skip":true},"33":{"start":{"line":118,"column":20},"end":{"line":118,"column":47},"skip":true},"34":{"start":{"line":123,"column":8},"end":{"line":141,"column":11},"skip":true},"35":{"start":{"line":124,"column":12},"end":{"line":124,"column":54},"skip":true},"36":{"start":{"line":125,"column":12},"end":{"line":140,"column":14},"skip":true},"37":{"start":{"line":126,"column":16},"end":{"line":126,"column":28},"skip":true},"38":{"start":{"line":127,"column":16},"end":{"line":127,"column":69},"skip":true},"39":{"start":{"line":128,"column":16},"end":{"line":128,"column":75},"skip":true},"40":{"start":{"line":129,"column":16},"end":{"line":131,"column":17},"skip":true},"41":{"start":{"line":130,"column":20},"end":{"line":130,"column":27},"skip":true},"42":{"start":{"line":133,"column":16},"end":{"line":137,"column":36},"skip":true},"43":{"start":{"line":134,"column":20},"end":{"line":136,"column":55},"skip":true},"44":{"start":{"line":139,"column":16},"end":{"line":139,"column":57},"skip":true},"45":{"start":{"line":143,"column":8},"end":{"line":147,"column":11},"skip":true},"46":{"start":{"line":144,"column":12},"end":{"line":146,"column":15},"skip":true},"47":{"start":{"line":145,"column":16},"end":{"line":145,"column":70},"skip":true},"48":{"start":{"line":149,"column":8},"end":{"line":149,"column":31},"skip":true},"49":{"start":{"line":150,"column":8},"end":{"line":150,"column":14},"skip":true},"50":{"start":{"line":158,"column":8},"end":{"line":158,"column":31},"skip":true},"51":{"start":{"line":160,"column":8},"end":{"line":160,"column":33},"skip":true},"52":{"start":{"line":161,"column":8},"end":{"line":161,"column":37},"skip":true},"53":{"start":{"line":162,"column":8},"end":{"line":162,"column":35},"skip":true},"54":{"start":{"line":164,"column":8},"end":{"line":164,"column":50},"skip":true},"55":{"start":{"line":166,"column":8},"end":{"line":256,"column":2},"skip":true},"56":{"start":{"line":258,"column":8},"end":{"line":286,"column":9},"skip":true},"57":{"start":{"line":259,"column":12},"end":{"line":269,"column":14},"skip":true},"58":{"start":{"line":271,"column":12},"end":{"line":285,"column":19},"skip":true},"59":{"start":{"line":274,"column":20},"end":{"line":274,"column":35},"skip":true},"60":{"start":{"line":275,"column":20},"end":{"line":284,"column":21},"skip":true},"61":{"start":{"line":277,"column":24},"end":{"line":277,"column":64},"skip":true},"62":{"start":{"line":279,"column":24},"end":{"line":279,"column":40},"skip":true},"63":{"start":{"line":281,"column":24},"end":{"line":281,"column":40},"skip":true},"64":{"start":{"line":283,"column":24},"end":{"line":283,"column":39},"skip":true},"65":{"start":{"line":288,"column":8},"end":{"line":290,"column":9},"skip":true},"66":{"start":{"line":289,"column":12},"end":{"line":289,"column":18},"skip":true},"67":{"start":{"line":291,"column":8},"end":{"line":293,"column":54},"skip":true},"68":{"start":{"line":296,"column":8},"end":{"line":301,"column":37},"skip":true},"69":{"start":{"line":303,"column":8},"end":{"line":303,"column":82},"skip":true},"70":{"start":{"line":306,"column":8},"end":{"line":308,"column":9},"skip":true},"71":{"start":{"line":307,"column":12},"end":{"line":307,"column":82},"skip":true},"72":{"start":{"line":310,"column":8},"end":{"line":312,"column":9},"skip":true},"73":{"start":{"line":311,"column":12},"end":{"line":311,"column":18},"skip":true},"74":{"start":{"line":313,"column":8},"end":{"line":313,"column":54},"skip":true},"75":{"start":{"line":314,"column":8},"end":{"line":314,"column":69},"skip":true},"76":{"start":{"line":315,"column":8},"end":{"line":323,"column":36},"skip":true},"77":{"start":{"line":316,"column":12},"end":{"line":316,"column":61},"skip":true},"78":{"start":{"line":317,"column":12},"end":{"line":320,"column":13},"skip":true},"79":{"start":{"line":318,"column":16},"end":{"line":318,"column":75},"skip":true},"80":{"start":{"line":319,"column":16},"end":{"line":319,"column":23},"skip":true},"81":{"start":{"line":321,"column":12},"end":{"line":321,"column":38},"skip":true},"82":{"start":{"line":322,"column":12},"end":{"line":322,"column":27},"skip":true},"83":{"start":{"line":324,"column":8},"end":{"line":324,"column":14},"skip":true}},"branchMap":{"1":{"line":39,"type":"binary-expr","locations":[{"start":{"line":39,"column":23},"end":{"line":39,"column":62}},{"start":{"line":40,"column":20},"end":{"line":40,"column":70}},{"start":{"line":41,"column":20},"end":{"line":41,"column":71}},{"start":{"line":42,"column":20},"end":{"line":42,"column":29}}]},"2":{"line":44,"type":"binary-expr","locations":[{"start":{"line":44,"column":23},"end":{"line":44,"column":37}},{"start":{"line":45,"column":20},"end":{"line":45,"column":61}},{"start":{"line":46,"column":20},"end":{"line":46,"column":70}},{"start":{"line":47,"column":20},"end":{"line":47,"column":26}}]},"3":{"line":51,"type":"cond-expr","locations":[{"start":{"line":52,"column":14},"end":{"line":52,"column":20}},{"start":{"line":53,"column":14},"end":{"line":53,"column":20}}]},"4":{"line":55,"type":"binary-expr","locations":[{"start":{"line":55,"column":16},"end":{"line":55,"column":44}},{"start":{"line":55,"column":49},"end":{"line":57,"column":43}}]},"5":{"line":55,"type":"cond-expr","locations":[{"start":{"line":56,"column":14},"end":{"line":56,"column":54}},{"start":{"line":57,"column":14},"end":{"line":57,"column":43}}]},"6":{"line":61,"type":"switch","locations":[{"start":{"line":68,"column":4},"end":{"line":150,"column":14},"skip":true},{"start":{"line":156,"column":4},"end":{"line":324,"column":14},"skip":true}]},"7":{"line":70,"type":"if","locations":[{"start":{"line":70,"column":12},"end":{"line":70,"column":12},"skip":true},{"start":{"line":70,"column":12},"end":{"line":70,"column":12},"skip":true}]},"8":{"line":70,"type":"binary-expr","locations":[{"start":{"line":70,"column":16},"end":{"line":70,"column":22},"skip":true},{"start":{"line":70,"column":27},"end":{"line":70,"column":32},"skip":true},{"start":{"line":71,"column":20},"end":{"line":71,"column":39},"skip":true},{"start":{"line":72,"column":20},"end":{"line":72,"column":49},"skip":true},{"start":{"line":73,"column":20},"end":{"line":73,"column":58},"skip":true},{"start":{"line":74,"column":20},"end":{"line":74,"column":69},"skip":true}]},"9":{"line":79,"type":"switch","locations":[{"start":{"line":80,"column":20},"end":{"line":80,"column":33},"skip":true},{"start":{"line":81,"column":20},"end":{"line":83,"column":30},"skip":true},{"start":{"line":84,"column":20},"end":{"line":85,"column":49},"skip":true}]},"10":{"line":89,"type":"switch","locations":[{"start":{"line":90,"column":12},"end":{"line":103,"column":22},"skip":true},{"start":{"line":105,"column":12},"end":{"line":106,"column":22},"skip":true}]},"11":{"line":89,"type":"binary-expr","locations":[{"start":{"line":89,"column":20},"end":{"line":89,"column":25},"skip":true},{"start":{"line":89,"column":29},"end":{"line":89,"column":48},"skip":true},{"start":{"line":89,"column":52},"end":{"line":89,"column":74},"skip":true}]},"12":{"line":92,"type":"if","locations":[{"start":{"line":92,"column":16},"end":{"line":92,"column":16},"skip":true},{"start":{"line":92,"column":16},"end":{"line":92,"column":16},"skip":true}]},"13":{"line":108,"type":"if","locations":[{"start":{"line":108,"column":12},"end":{"line":108,"column":12},"skip":true},{"start":{"line":108,"column":12},"end":{"line":108,"column":12},"skip":true}]},"14":{"line":108,"type":"binary-expr","locations":[{"start":{"line":108,"column":16},"end":{"line":108,"column":61},"skip":true},{"start":{"line":108,"column":66},"end":{"line":108,"column":72},"skip":true},{"start":{"line":108,"column":77},"end":{"line":108,"column":82},"skip":true},{"start":{"line":109,"column":20},"end":{"line":109,"column":39},"skip":true},{"start":{"line":110,"column":20},"end":{"line":110,"column":49},"skip":true},{"start":{"line":111,"column":20},"end":{"line":111,"column":58},"skip":true},{"start":{"line":112,"column":20},"end":{"line":112,"column":68},"skip":true}]},"15":{"line":129,"type":"if","locations":[{"start":{"line":129,"column":16},"end":{"line":129,"column":16},"skip":true},{"start":{"line":129,"column":16},"end":{"line":129,"column":16},"skip":true}]},"16":{"line":134,"type":"cond-expr","locations":[{"start":{"line":135,"column":26},"end":{"line":135,"column":29},"skip":true},{"start":{"line":136,"column":26},"end":{"line":136,"column":54},"skip":true}]},"17":{"line":164,"type":"binary-expr","locations":[{"start":{"line":164,"column":27},"end":{"line":164,"column":43},"skip":true},{"start":{"line":164,"column":47},"end":{"line":164,"column":49},"skip":true}]},"18":{"line":258,"type":"if","locations":[{"start":{"line":258,"column":8},"end":{"line":258,"column":8},"skip":true},{"start":{"line":258,"column":8},"end":{"line":258,"column":8},"skip":true}]},"19":{"line":275,"type":"switch","locations":[{"start":{"line":276,"column":20},"end":{"line":277,"column":64},"skip":true},{"start":{"line":278,"column":20},"end":{"line":279,"column":40},"skip":true},{"start":{"line":280,"column":20},"end":{"line":281,"column":40},"skip":true},{"start":{"line":282,"column":20},"end":{"line":283,"column":39},"skip":true}]},"20":{"line":288,"type":"if","locations":[{"start":{"line":288,"column":8},"end":{"line":288,"column":8},"skip":true},{"start":{"line":288,"column":8},"end":{"line":288,"column":8},"skip":true}]},"21":{"line":288,"type":"binary-expr","locations":[{"start":{"line":288,"column":12},"end":{"line":288,"column":40},"skip":true},{"start":{"line":288,"column":44},"end":{"line":288,"column":67},"skip":true}]},"22":{"line":292,"type":"binary-expr","locations":[{"start":{"line":292,"column":12},"end":{"line":292,"column":50},"skip":true},{"start":{"line":293,"column":12},"end":{"line":293,"column":53},"skip":true}]},"23":{"line":297,"type":"binary-expr","locations":[{"start":{"line":297,"column":12},"end":{"line":297,"column":68},"skip":true},{"start":{"line":298,"column":12},"end":{"line":301,"column":36},"skip":true}]},"24":{"line":303,"type":"binary-expr","locations":[{"start":{"line":303,"column":43},"end":{"line":303,"column":75},"skip":true},{"start":{"line":303,"column":79},"end":{"line":303,"column":81},"skip":true}]},"25":{"line":306,"type":"if","locations":[{"start":{"line":306,"column":8},"end":{"line":306,"column":8},"skip":true},{"start":{"line":306,"column":8},"end":{"line":306,"column":8},"skip":true}]},"26":{"line":310,"type":"if","locations":[{"start":{"line":310,"column":8},"end":{"line":310,"column":8},"skip":true},{"start":{"line":310,"column":8},"end":{"line":310,"column":8},"skip":true}]},"27":{"line":313,"type":"binary-expr","locations":[{"start":{"line":313,"column":27},"end":{"line":313,"column":43},"skip":true},{"start":{"line":313,"column":47},"end":{"line":313,"column":53},"skip":true}]},"28":{"line":317,"type":"if","locations":[{"start":{"line":317,"column":12},"end":{"line":317,"column":12},"skip":true},{"start":{"line":317,"column":12},"end":{"line":317,"column":12},"skip":true}]}},"code":["/*","example.js","","quickstart example","","instruction","    1. save this script as example.js","    2. run the shell command:","        $ npm install npmtest-css-layout && PORT=8081 node example.js","    3. play with the browser-demo on http://127.0.0.1:8081","*/","","","","/* istanbul instrument in package npmtest_css_layout */","/*jslint","    bitwise: true,","    browser: true,","    maxerr: 8,","    maxlen: 96,","    node: true,","    nomen: true,","    regexp: true,","    stupid: true","*/","(function () {","    'use strict';","    var local;","","","","    // run shared js-env code - pre-init","    (function () {","        // init local","        local = {};","        // init modeJs","        local.modeJs = (function () {","            try {","                return typeof navigator.userAgent === 'string' &&","                    typeof document.querySelector('body') === 'object' &&","                    typeof XMLHttpRequest.prototype.open === 'function' &&","                    'browser';","            } catch (errorCaughtBrowser) {","                return module.exports &&","                    typeof process.versions.node === 'string' &&","                    typeof require('http').createServer === 'function' &&","                    'node';","            }","        }());","        // init global","        local.global = local.modeJs === 'browser'","            ? window","            : global;","        // init utility2_rollup","        local = local.global.utility2_rollup || (local.modeJs === 'browser'","            ? local.global.utility2_npmtest_css_layout","            : global.utility2_moduleExports);","        // export local","        local.global.local = local;","    }());","    switch (local.modeJs) {","","","","    // post-init","    // run browser js-env code - post-init","    /* istanbul ignore next */","    case 'browser':","        local.testRunBrowser = function (event) {","            if (!event || (event &&","                    event.currentTarget &&","                    event.currentTarget.className &&","                    event.currentTarget.className.includes &&","                    event.currentTarget.className.includes('onreset'))) {","                // reset output","                Array.from(","                    document.querySelectorAll('body > .resettable')","                ).forEach(function (element) {","                    switch (element.tagName) {","                    case 'INPUT':","                    case 'TEXTAREA':","                        element.value = '';","                        break;","                    default:","                        element.textContent = '';","                    }","                });","            }","            switch (event && event.currentTarget && event.currentTarget.id) {","            case 'testRunButton1':","                // show tests","                if (document.querySelector('#testReportDiv1').style.display === 'none') {","                    document.querySelector('#testReportDiv1').style.display = 'block';","                    document.querySelector('#testRunButton1').textContent =","                        'hide internal test';","                    local.modeTest = true;","                    local.testRunDefault(local);","                // hide tests","                } else {","                    document.querySelector('#testReportDiv1').style.display = 'none';","                    document.querySelector('#testRunButton1').textContent = 'run internal test';","                }","                break;","            // custom-case","            default:","                break;","            }","            if (document.querySelector('#inputTextareaEval1') && (!event || (event &&","                    event.currentTarget &&","                    event.currentTarget.className &&","                    event.currentTarget.className.includes &&","                    event.currentTarget.className.includes('oneval')))) {","                // try to eval input-code","                try {","                    /*jslint evil: true*/","                    eval(document.querySelector('#inputTextareaEval1').value);","                } catch (errorCaught) {","                    console.error(errorCaught);","                }","            }","        };","        // log stderr and stdout to #outputTextareaStdout1","        ['error', 'log'].forEach(function (key) {","            console[key + '_original'] = console[key];","            console[key] = function () {","                var element;","                console[key + '_original'].apply(console, arguments);","                element = document.querySelector('#outputTextareaStdout1');","                if (!element) {","                    return;","                }","                // append text to #outputTextareaStdout1","                element.value += Array.from(arguments).map(function (arg) {","                    return typeof arg === 'string'","                        ? arg","                        : JSON.stringify(arg, null, 4);","                }).join(' ') + '\\n';","                // scroll textarea to bottom","                element.scrollTop = element.scrollHeight;","            };","        });","        // init event-handling","        ['change', 'click', 'keyup'].forEach(function (event) {","            Array.from(document.querySelectorAll('.on' + event)).forEach(function (element) {","                element.addEventListener(event, local.testRunBrowser);","            });","        });","        // run tests","        local.testRunBrowser();","        break;","","","","    // run node js-env code - post-init","    /* istanbul ignore next */","    case 'node':","        // export local","        module.exports = local;","        // require modules","        local.fs = require('fs');","        local.http = require('http');","        local.url = require('url');","        // init assets","        local.assetsDict = local.assetsDict || {};","        /* jslint-ignore-begin */","        local.assetsDict['/assets.index.template.html'] = '\\","<!doctype html>\\n\\","<html lang=\"en\">\\n\\","<head>\\n\\","<meta charset=\"UTF-8\">\\n\\","<meta name=\"viewport\" content=\"width=device-width, initial-scale=1\">\\n\\","<title>{{env.npm_package_name}} (v{{env.npm_package_version}})</title>\\n\\","<style>\\n\\","/*csslint\\n\\","    box-sizing: false,\\n\\","    universal-selector: false\\n\\","*/\\n\\","* {\\n\\","    box-sizing: border-box;\\n\\","}\\n\\","body {\\n\\","    background: #dde;\\n\\","    font-family: Arial, Helvetica, sans-serif;\\n\\","    margin: 2rem;\\n\\","}\\n\\","body > * {\\n\\","    margin-bottom: 1rem;\\n\\","}\\n\\",".utility2FooterDiv {\\n\\","    margin-top: 20px;\\n\\","    text-align: center;\\n\\","}\\n\\","</style>\\n\\","<style>\\n\\","/*csslint\\n\\","*/\\n\\","textarea {\\n\\","    font-family: monospace;\\n\\","    height: 10rem;\\n\\","    width: 100%;\\n\\","}\\n\\","textarea[readonly] {\\n\\","    background: #ddd;\\n\\","}\\n\\","</style>\\n\\","</head>\\n\\","<body>\\n\\","<!-- utility2-comment\\n\\","<div id=\"ajaxProgressDiv1\" style=\"background: #d00; height: 2px; left: 0; margin: 0; padding: 0; position: fixed; top: 0; transition: background 0.5s, width 1.5s; width: 25%;\"></div>\\n\\","utility2-comment -->\\n\\","<h1>\\n\\","<!-- utility2-comment\\n\\","    <a\\n\\","        {{#if env.npm_package_homepage}}\\n\\","        href=\"{{env.npm_package_homepage}}\"\\n\\","        {{/if env.npm_package_homepage}}\\n\\","        target=\"_blank\"\\n\\","    >\\n\\","utility2-comment -->\\n\\","        {{env.npm_package_name}} (v{{env.npm_package_version}})\\n\\","<!-- utility2-comment\\n\\","    </a>\\n\\","utility2-comment -->\\n\\","</h1>\\n\\","<h3>{{env.npm_package_description}}</h3>\\n\\","<!-- utility2-comment\\n\\","<h4><a download href=\"assets.app.js\">download standalone app</a></h4>\\n\\","<button class=\"onclick onreset\" id=\"testRunButton1\">run internal test</button><br>\\n\\","<div id=\"testReportDiv1\" style=\"display: none;\"></div>\\n\\","utility2-comment -->\\n\\","\\n\\","\\n\\","\\n\\","<label>stderr and stdout</label>\\n\\","<textarea class=\"resettable\" id=\"outputTextareaStdout1\" readonly></textarea>\\n\\","<!-- utility2-comment\\n\\","{{#if isRollup}}\\n\\","<script src=\"assets.app.js\"></script>\\n\\","{{#unless isRollup}}\\n\\","utility2-comment -->\\n\\","<script src=\"assets.utility2.rollup.js\"></script>\\n\\","<script src=\"jsonp.utility2._stateInit?callback=window.utility2._stateInit\"></script>\\n\\","<script src=\"assets.npmtest_css_layout.rollup.js\"></script>\\n\\","<script src=\"assets.example.js\"></script>\\n\\","<script src=\"assets.test.js\"></script>\\n\\","<!-- utility2-comment\\n\\","{{/if isRollup}}\\n\\","utility2-comment -->\\n\\","<div class=\"utility2FooterDiv\">\\n\\","    [ this app was created with\\n\\","    <a href=\"https://github.com/kaizhu256/node-utility2\" target=\"_blank\">utility2</a>\\n\\","    ]\\n\\","</div>\\n\\","</body>\\n\\","</html>\\n\\","';","        /* jslint-ignore-end */","        if (local.templateRender) {","            local.assetsDict['/'] = local.templateRender(","                local.assetsDict['/assets.index.template.html'],","                {","                    env: local.objectSetDefault(local.env, {","                        npm_package_description: 'the greatest app in the world!',","                        npm_package_name: 'my-app',","                        npm_package_nameAlias: 'my_app',","                        npm_package_version: '0.0.1'","                    })","                }","            );","        } else {","            local.assetsDict['/'] = local.assetsDict['/assets.index.template.html']","                .replace((/\\{\\{env\\.(\\w+?)\\}\\}/g), function (match0, match1) {","                    // jslint-hack","                    String(match0);","                    switch (match1) {","                    case 'npm_package_description':","                        return 'the greatest app in the world!';","                    case 'npm_package_name':","                        return 'my-app';","                    case 'npm_package_nameAlias':","                        return 'my_app';","                    case 'npm_package_version':","                        return '0.0.1';","                    }","                });","        }","        // run the cli","        if (local.global.utility2_rollup || module !== require.main) {","            break;","        }","        local.assetsDict['/assets.example.js'] =","            local.assetsDict['/assets.example.js'] ||","            local.fs.readFileSync(__filename, 'utf8');","        // bug-workaround - long $npm_package_buildCustomOrg","        /* jslint-ignore-begin */","        local.assetsDict['/assets.npmtest_css_layout.rollup.js'] =","            local.assetsDict['/assets.npmtest_css_layout.rollup.js'] ||","            local.fs.readFileSync(","                local.npmtest_css_layout.__dirname + '/lib.npmtest_css_layout.js',","                'utf8'","            ).replace((/^#!/), '//');","        /* jslint-ignore-end */","        local.assetsDict['/favicon.ico'] = local.assetsDict['/favicon.ico'] || '';","        // if $npm_config_timeout_exit exists,","        // then exit this process after $npm_config_timeout_exit ms","        if (Number(process.env.npm_config_timeout_exit)) {","            setTimeout(process.exit, Number(process.env.npm_config_timeout_exit));","        }","        // start server","        if (local.global.utility2_serverHttp1) {","            break;","        }","        process.env.PORT = process.env.PORT || '8081';","        console.error('server starting on port ' + process.env.PORT);","        local.http.createServer(function (request, response) {","            request.urlParsed = local.url.parse(request.url);","            if (local.assetsDict[request.urlParsed.pathname] !== undefined) {","                response.end(local.assetsDict[request.urlParsed.pathname]);","                return;","            }","            response.statusCode = 404;","            response.end();","        }).listen(process.env.PORT);","        break;","    }","}());",""],"l":{"26":2,"28":2,"33":2,"35":2,"37":2,"38":2,"39":2,"44":1,"51":2,"55":2,"59":2,"61":2,"69":1,"70":2,"76":2,"79":2,"82":2,"83":2,"85":1,"89":2,"92":1,"93":1,"94":1,"96":1,"97":1,"100":1,"101":1,"103":1,"106":1,"108":2,"114":1,"116":1,"118":1,"123":1,"124":2,"125":2,"126":3,"127":3,"128":3,"129":3,"130":1,"133":3,"134":3,"139":3,"143":1,"144":3,"145":1,"149":1,"150":1,"158":1,"160":1,"161":1,"162":1,"164":1,"166":1,"258":1,"259":1,"271":1,"274":6,"275":6,"277":1,"279":2,"281":1,"283":2,"288":1,"289":1,"291":1,"296":1,"303":1,"306":1,"307":1,"310":1,"311":1,"313":1,"314":1,"315":1,"316":1,"317":1,"318":1,"319":1,"321":1,"322":1,"324":1}},"/home/travis/build/npmtest/node-npmtest-css-layout/node_modules/css-layout/dist/css-layout.js":{"path":"/home/travis/build/npmtest/node-npmtest-css-layout/node_modules/css-layout/dist/css-layout.js","s":{"1":1,"2":1,"3":0,"4":1,"5":1,"6":0,"7":1,"8":1,"9":1,"10":1,"11":1,"12":1,"13":1,"14":1,"15":1,"16":1,"17":1,"18":1,"19":1,"20":1,"21":1,"22":1,"23":1,"24":1,"25":1,"26":1,"27":1,"28":1,"29":1,"30":1,"31":1,"32":0,"33":0,"34":0,"35":0,"36":0,"37":0,"38":0,"39":0,"40":1,"41":0,"42":1,"43":0,"44":1,"45":0,"46":1,"47":0,"48":0,"49":0,"50":0,"51":0,"52":0,"53":0,"54":0,"55":0,"56":0,"57":0,"58":0,"59":0,"60":0,"61":0,"62":0,"63":0,"64":1,"65":0,"66":0,"67":0,"68":0,"69":0,"70":0,"71":0,"72":0,"73":0,"74":0,"75":0,"76":0,"77":0,"78":0,"79":0,"80":0,"81":0,"82":1,"83":0,"84":0,"85":0,"86":0,"87":0,"88":0,"89":0,"90":0,"91":0,"92":0,"93":0,"94":0,"95":0,"96":0,"97":0,"98":0,"99":0,"100":1,"101":0,"102":0,"103":0,"104":0,"105":0,"106":0,"107":0,"108":0,"109":0,"110":0,"111":0,"112":0,"113":0,"114":0,"115":0,"116":0,"117":0,"118":1,"119":0,"120":0,"121":0,"122":0,"123":0,"124":0,"125":0,"126":0,"127":0,"128":0,"129":0,"130":0,"131":0,"132":0,"133":0,"134":0,"135":0,"136":1,"137":0,"138":0,"139":0,"140":0,"141":0,"142":0,"143":0,"144":0,"145":0,"146":0,"147":0,"148":0,"149":0,"150":0,"151":0,"152":0,"153":0,"154":1,"155":0,"156":1,"157":0,"158":1,"159":0,"160":1,"161":0,"162":1,"163":0,"164":1,"165":0,"166":0,"167":0,"168":1,"169":0,"170":0,"171":0,"172":1,"173":0,"174":0,"175":0,"176":0,"177":0,"178":1,"179":0,"180":0,"181":0,"182":0,"183":0,"184":0,"185":1,"186":0,"187":0,"188":0,"189":0,"190":0,"191":0,"192":0,"193":1,"194":0,"195":0,"196":0,"197":1,"198":0,"199":0,"200":0,"201":1,"202":0,"203":0,"204":0,"205":1,"206":0,"207":1,"208":0,"209":1,"210":0,"211":1,"212":0,"213":1,"214":0,"215":1,"216":0,"217":1,"218":0,"219":0,"220":0,"221":1,"222":0,"223":0,"224":0,"225":0,"226":0,"227":0,"228":0,"229":0,"230":1,"231":0,"232":0,"233":0,"234":1,"235":0,"236":0,"237":0,"238":0,"239":0,"240":1,"241":0,"242":1,"243":0,"244":0,"245":0,"246":1,"247":0,"248":0,"249":0,"250":0,"251":0,"252":0,"253":0,"254":0,"255":0,"256":0,"257":0,"258":0,"259":0,"260":0,"261":0,"262":0,"263":0,"264":0,"265":0,"266":0,"267":0,"268":0,"269":0,"270":0,"271":0,"272":0,"273":0,"274":0,"275":0,"276":0,"277":0,"278":0,"279":0,"280":0,"281":0,"282":0,"283":0,"284":0,"285":0,"286":0,"287":0,"288":0,"289":0,"290":0,"291":0,"292":0,"293":0,"294":0,"295":0,"296":0,"297":0,"298":0,"299":0,"300":0,"301":0,"302":0,"303":0,"304":0,"305":0,"306":0,"307":0,"308":0,"309":0,"310":0,"311":0,"312":0,"313":0,"314":0,"315":0,"316":0,"317":0,"318":0,"319":0,"320":0,"321":0,"322":0,"323":0,"324":0,"325":0,"326":0,"327":0,"328":0,"329":0,"330":0,"331":0,"332":0,"333":0,"334":0,"335":0,"336":0,"337":0,"338":0,"339":0,"340":0,"341":0,"342":0,"343":0,"344":0,"345":0,"346":0,"347":0,"348":0,"349":0,"350":0,"351":0,"352":0,"353":0,"354":0,"355":0,"356":0,"357":0,"358":0,"359":0,"360":0,"361":0,"362":0,"363":0,"364":0,"365":0,"366":0,"367":0,"368":0,"369":0,"370":0,"371":0,"372":0,"373":0,"374":0,"375":0,"376":0,"377":0,"378":0,"379":0,"380":0,"381":0,"382":0,"383":0,"384":0,"385":0,"386":0,"387":0,"388":0,"389":0,"390":0,"391":0,"392":0,"393":0,"394":0,"395":0,"396":0,"397":0,"398":0,"399":0,"400":0,"401":0,"402":0,"403":0,"404":0,"405":0,"406":0,"407":0,"408":0,"409":0,"410":0,"411":0,"412":0,"413":0,"414":0,"415":0,"416":0,"417":0,"418":0,"419":0,"420":0,"421":0,"422":0,"423":0,"424":0,"425":0,"426":0,"427":0,"428":0,"429":0,"430":0,"431":0,"432":0,"433":0,"434":0,"435":0,"436":0,"437":0,"438":0,"439":0,"440":0,"441":0,"442":0,"443":0,"444":0,"445":0,"446":0,"447":0,"448":0,"449":0,"450":0,"451":0,"452":0,"453":0,"454":0,"455":0,"456":0,"457":0,"458":0,"459":0,"460":0,"461":0,"462":0,"463":0,"464":0,"465":0,"466":0,"467":0,"468":0,"469":0,"470":0,"471":0,"472":0,"473":0,"474":0,"475":0,"476":0,"477":0,"478":0,"479":0,"480":0,"481":0,"482":0,"483":0,"484":0,"485":0,"486":0,"487":0,"488":0,"489":0,"490":0,"491":0,"492":0,"493":0,"494":0,"495":0,"496":0,"497":0,"498":0,"499":0,"500":0,"501":0,"502":0,"503":0,"504":0,"505":0,"506":0,"507":0,"508":0,"509":0,"510":0,"511":0,"512":0,"513":0,"514":0,"515":0,"516":0,"517":0,"518":0,"519":0,"520":0,"521":0,"522":0,"523":0,"524":0,"525":0,"526":0,"527":0,"528":0,"529":0,"530":1,"531":0,"532":0,"533":0,"534":0,"535":0,"536":0,"537":0,"538":0,"539":0,"540":0,"541":0,"542":0,"543":0,"544":0,"545":0,"546":0,"547":0,"548":0,"549":0,"550":0,"551":0,"552":0,"553":0,"554":0,"555":1,"556":1,"557":1,"558":1,"559":0,"560":0},"b":{"1":[0,1],"2":[1,0],"3":[1,0],"4":[0,0],"5":[0,0],"6":[0,0],"7":[0,0],"8":[0,0],"9":[0,0],"10":[0,0],"11":[0,0],"12":[0,0,0,0],"13":[0,0],"14":[0,0],"15":[0,0],"16":[0,0],"17":[0,0,0,0],"18":[0,0],"19":[0,0],"20":[0,0],"21":[0,0,0],"22":[0,0,0,0],"23":[0,0],"24":[0,0],"25":[0,0],"26":[0,0],"27":[0,0],"28":[0,0,0],"29":[0,0,0,0],"30":[0,0],"31":[0,0],"32":[0,0],"33":[0,0],"34":[0,0],"35":[0,0,0],"36":[0,0,0,0],"37":[0,0],"38":[0,0],"39":[0,0],"40":[0,0],"41":[0,0],"42":[0,0,0],"43":[0,0,0,0],"44":[0,0],"45":[0,0],"46":[0,0],"47":[0,0],"48":[0,0],"49":[0,0],"50":[0,0],"51":[0,0],"52":[0,0],"53":[0,0],"54":[0,0],"55":[0,0],"56":[0,0],"57":[0,0],"58":[0,0],"59":[0,0],"60":[0,0],"61":[0,0],"62":[0,0],"63":[0,0],"64":[0,0],"65":[0,0,0],"66":[0,0],"67":[0,0,0],"68":[0,0],"69":[0,0],"70":[0,0],"71":[0,0],"72":[0,0],"73":[0,0],"74":[0,0],"75":[0,0],"76":[0,0],"77":[0,0],"78":[0,0],"79":[0,0],"80":[0,0],"81":[0,0],"82":[0,0],"83":[0,0,0,0],"84":[0,0],"85":[0,0],"86":[0,0,0,0],"87":[0,0],"88":[0,0],"89":[0,0],"90":[0,0],"91":[0,0],"92":[0,0,0,0],"93":[0,0],"94":[0,0],"95":[0,0],"96":[0,0],"97":[0,0],"98":[0,0],"99":[0,0],"100":[0,0],"101":[0,0],"102":[0,0,0,0],"103":[0,0],"104":[0,0,0],"105":[0,0],"106":[0,0,0,0,0],"107":[0,0],"108":[0,0],"109":[0,0],"110":[0,0],"111":[0,0],"112":[0,0],"113":[0,0],"114":[0,0],"115":[0,0],"116":[0,0],"117":[0,0],"118":[0,0],"119":[0,0],"120":[0,0],"121":[0,0],"122":[0,0],"123":[0,0],"124":[0,0],"125":[0,0],"126":[0,0],"127":[0,0],"128":[0,0],"129":[0,0],"130":[0,0],"131":[0,0],"132":[0,0],"133":[0,0],"134":[0,0],"135":[0,0],"136":[0,0],"137":[0,0],"138":[0,0],"139":[0,0],"140":[0,0],"141":[0,0],"142":[0,0],"143":[0,0],"144":[0,0],"145":[0,0],"146":[0,0],"147":[0,0],"148":[0,0],"149":[0,0],"150":[0,0],"151":[0,0],"152":[0,0],"153":[0,0],"154":[0,0],"155":[0,0],"156":[0,0],"157":[0,0],"158":[0,0],"159":[0,0],"160":[0,0],"161":[0,0],"162":[0,0,0,0],"163":[0,0],"164":[0,0],"165":[0,0],"166":[0,0,0,0,0,0],"167":[0,0],"168":[0,0],"169":[1,0]},"f":{"1":1,"2":1,"3":1,"4":0,"5":0,"6":0,"7":0,"8":0,"9":0,"10":0,"11":0,"12":0,"13":0,"14":0,"15":0,"16":0,"17":0,"18":0,"19":0,"20":0,"21":0,"22":0,"23":0,"24":0,"25":0,"26":0,"27":0,"28":0,"29":0,"30":0,"31":0,"32":0,"33":0,"34":0,"35":0,"36":0,"37":0,"38":0,"39":0,"40":0,"41":0,"42":0},"fnMap":{"1":{"name":"(anonymous_1)","line":6,"loc":{"start":{"line":6,"column":1},"end":{"line":6,"column":25}}},"2":{"name":"(anonymous_2)","line":19,"loc":{"start":{"line":19,"column":8},"end":{"line":19,"column":19}}},"3":{"name":"(anonymous_3)","line":29,"loc":{"start":{"line":29,"column":21},"end":{"line":29,"column":32}}},"4":{"name":"fillNodes","line":84,"loc":{"start":{"line":84,"column":2},"end":{"line":84,"column":27}}},"5":{"name":"isUndefined","line":107,"loc":{"start":{"line":107,"column":2},"end":{"line":107,"column":30}}},"6":{"name":"isRowDirection","line":111,"loc":{"start":{"line":111,"column":2},"end":{"line":111,"column":41}}},"7":{"name":"isColumnDirection","line":116,"loc":{"start":{"line":116,"column":2},"end":{"line":116,"column":44}}},"8":{"name":"getLeadingMargin","line":121,"loc":{"start":{"line":121,"column":2},"end":{"line":121,"column":40}}},"9":{"name":"getTrailingMargin","line":145,"loc":{"start":{"line":145,"column":2},"end":{"line":145,"column":41}}},"10":{"name":"getLeadingPadding","line":169,"loc":{"start":{"line":169,"column":2},"end":{"line":169,"column":41}}},"11":{"name":"getTrailingPadding","line":194,"loc":{"start":{"line":194,"column":2},"end":{"line":194,"column":42}}},"12":{"name":"getLeadingBorder","line":219,"loc":{"start":{"line":219,"column":2},"end":{"line":219,"column":40}}},"13":{"name":"getTrailingBorder","line":244,"loc":{"start":{"line":244,"column":2},"end":{"line":244,"column":41}}},"14":{"name":"getLeadingPaddingAndBorder","line":269,"loc":{"start":{"line":269,"column":2},"end":{"line":269,"column":50}}},"15":{"name":"getTrailingPaddingAndBorder","line":273,"loc":{"start":{"line":273,"column":2},"end":{"line":273,"column":51}}},"16":{"name":"getBorderAxis","line":277,"loc":{"start":{"line":277,"column":2},"end":{"line":277,"column":37}}},"17":{"name":"getMarginAxis","line":281,"loc":{"start":{"line":281,"column":2},"end":{"line":281,"column":37}}},"18":{"name":"getPaddingAndBorderAxis","line":285,"loc":{"start":{"line":285,"column":2},"end":{"line":285,"column":47}}},"19":{"name":"getJustifyContent","line":290,"loc":{"start":{"line":290,"column":2},"end":{"line":290,"column":35}}},"20":{"name":"getAlignContent","line":297,"loc":{"start":{"line":297,"column":2},"end":{"line":297,"column":33}}},"21":{"name":"getAlignItem","line":304,"loc":{"start":{"line":304,"column":2},"end":{"line":304,"column":37}}},"22":{"name":"resolveAxis","line":314,"loc":{"start":{"line":314,"column":2},"end":{"line":314,"column":40}}},"23":{"name":"resolveDirection","line":326,"loc":{"start":{"line":326,"column":2},"end":{"line":326,"column":51}}},"24":{"name":"getFlexDirection","line":341,"loc":{"start":{"line":341,"column":2},"end":{"line":341,"column":34}}},"25":{"name":"getCrossFlexDirection","line":348,"loc":{"start":{"line":348,"column":2},"end":{"line":348,"column":59}}},"26":{"name":"getPositionType","line":356,"loc":{"start":{"line":356,"column":2},"end":{"line":356,"column":33}}},"27":{"name":"isFlex","line":363,"loc":{"start":{"line":363,"column":2},"end":{"line":363,"column":24}}},"28":{"name":"isFlexWrap","line":370,"loc":{"start":{"line":370,"column":2},"end":{"line":370,"column":28}}},"29":{"name":"getDimWithMargin","line":374,"loc":{"start":{"line":374,"column":2},"end":{"line":374,"column":40}}},"30":{"name":"isDimDefined","line":378,"loc":{"start":{"line":378,"column":2},"end":{"line":378,"column":36}}},"31":{"name":"isPosDefined","line":382,"loc":{"start":{"line":382,"column":2},"end":{"line":382,"column":35}}},"32":{"name":"isMeasureDefined","line":386,"loc":{"start":{"line":386,"column":2},"end":{"line":386,"column":34}}},"33":{"name":"getPosition","line":390,"loc":{"start":{"line":390,"column":2},"end":{"line":390,"column":34}}},"34":{"name":"boundAxis","line":397,"loc":{"start":{"line":397,"column":2},"end":{"line":397,"column":40}}},"35":{"name":"fmaxf","line":422,"loc":{"start":{"line":422,"column":2},"end":{"line":422,"column":23}}},"36":{"name":"setDimensionFromStyle","line":430,"loc":{"start":{"line":430,"column":2},"end":{"line":430,"column":45}}},"37":{"name":"setTrailingPosition","line":447,"loc":{"start":{"line":447,"column":2},"end":{"line":447,"column":50}}},"38":{"name":"getRelativePosition","line":454,"loc":{"start":{"line":454,"column":2},"end":{"line":454,"column":43}}},"39":{"name":"layoutNodeImpl","line":461,"loc":{"start":{"line":461,"column":2},"end":{"line":461,"column":84}}},"40":{"name":"layoutNode","line":1148,"loc":{"start":{"line":1148,"column":2},"end":{"line":1148,"column":61}}},"41":{"name":"(anonymous_41)","line":1176,"loc":{"start":{"line":1176,"column":28},"end":{"line":1176,"column":44}}},"42":{"name":"(anonymous_42)","line":1207,"loc":{"start":{"line":1207,"column":9},"end":{"line":1207,"column":24}}}},"statementMap":{"1":{"start":{"line":6,"column":0},"end":{"line":1214,"column":4}},"2":{"start":{"line":7,"column":2},"end":{"line":18,"column":3}},"3":{"start":{"line":9,"column":4},"end":{"line":9,"column":24}},"4":{"start":{"line":10,"column":9},"end":{"line":18,"column":3}},"5":{"start":{"line":14,"column":4},"end":{"line":14,"column":31}},"6":{"start":{"line":17,"column":4},"end":{"line":17,"column":35}},"7":{"start":{"line":29,"column":0},"end":{"line":1197,"column":5}},"8":{"start":{"line":31,"column":2},"end":{"line":31,"column":20}},"9":{"start":{"line":33,"column":2},"end":{"line":33,"column":40}},"10":{"start":{"line":34,"column":2},"end":{"line":34,"column":32}},"11":{"start":{"line":35,"column":2},"end":{"line":35,"column":32}},"12":{"start":{"line":37,"column":2},"end":{"line":37,"column":37}},"13":{"start":{"line":38,"column":2},"end":{"line":38,"column":53}},"14":{"start":{"line":39,"column":2},"end":{"line":39,"column":43}},"15":{"start":{"line":40,"column":2},"end":{"line":40,"column":59}},"16":{"start":{"line":42,"column":2},"end":{"line":42,"column":44}},"17":{"start":{"line":43,"column":2},"end":{"line":43,"column":36}},"18":{"start":{"line":44,"column":2},"end":{"line":44,"column":40}},"19":{"start":{"line":45,"column":2},"end":{"line":45,"column":50}},"20":{"start":{"line":46,"column":2},"end":{"line":46,"column":48}},"21":{"start":{"line":48,"column":2},"end":{"line":48,"column":42}},"22":{"start":{"line":49,"column":2},"end":{"line":49,"column":34}},"23":{"start":{"line":50,"column":2},"end":{"line":50,"column":38}},"24":{"start":{"line":51,"column":2},"end":{"line":51,"column":36}},"25":{"start":{"line":53,"column":2},"end":{"line":53,"column":41}},"26":{"start":{"line":54,"column":2},"end":{"line":54,"column":41}},"27":{"start":{"line":56,"column":2},"end":{"line":61,"column":4}},"28":{"start":{"line":62,"column":2},"end":{"line":67,"column":4}},"29":{"start":{"line":68,"column":2},"end":{"line":73,"column":4}},"30":{"start":{"line":74,"column":2},"end":{"line":79,"column":4}},"31":{"start":{"line":84,"column":2},"end":{"line":105,"column":3}},"32":{"start":{"line":85,"column":4},"end":{"line":94,"column":5}},"33":{"start":{"line":86,"column":6},"end":{"line":93,"column":8}},"34":{"start":{"line":96,"column":4},"end":{"line":98,"column":5}},"35":{"start":{"line":97,"column":6},"end":{"line":97,"column":22}},"36":{"start":{"line":100,"column":4},"end":{"line":102,"column":5}},"37":{"start":{"line":101,"column":6},"end":{"line":101,"column":25}},"38":{"start":{"line":103,"column":4},"end":{"line":103,"column":37}},"39":{"start":{"line":104,"column":4},"end":{"line":104,"column":16}},"40":{"start":{"line":107,"column":2},"end":{"line":109,"column":3}},"41":{"start":{"line":108,"column":4},"end":{"line":108,"column":31}},"42":{"start":{"line":111,"column":2},"end":{"line":114,"column":3}},"43":{"start":{"line":112,"column":4},"end":{"line":113,"column":60}},"44":{"start":{"line":116,"column":2},"end":{"line":119,"column":3}},"45":{"start":{"line":117,"column":4},"end":{"line":118,"column":63}},"46":{"start":{"line":121,"column":2},"end":{"line":143,"column":3}},"47":{"start":{"line":122,"column":4},"end":{"line":124,"column":5}},"48":{"start":{"line":123,"column":6},"end":{"line":123,"column":36}},"49":{"start":{"line":126,"column":4},"end":{"line":126,"column":21}},"50":{"start":{"line":127,"column":4},"end":{"line":132,"column":5}},"51":{"start":{"line":128,"column":29},"end":{"line":128,"column":59}},"52":{"start":{"line":128,"column":62},"end":{"line":128,"column":68}},"53":{"start":{"line":129,"column":29},"end":{"line":129,"column":60}},"54":{"start":{"line":129,"column":62},"end":{"line":129,"column":68}},"55":{"start":{"line":130,"column":29},"end":{"line":130,"column":58}},"56":{"start":{"line":130,"column":62},"end":{"line":130,"column":68}},"57":{"start":{"line":131,"column":29},"end":{"line":131,"column":61}},"58":{"start":{"line":131,"column":62},"end":{"line":131,"column":68}},"59":{"start":{"line":134,"column":4},"end":{"line":136,"column":5}},"60":{"start":{"line":135,"column":6},"end":{"line":135,"column":19}},"61":{"start":{"line":138,"column":4},"end":{"line":140,"column":5}},"62":{"start":{"line":139,"column":6},"end":{"line":139,"column":31}},"63":{"start":{"line":142,"column":4},"end":{"line":142,"column":13}},"64":{"start":{"line":145,"column":2},"end":{"line":167,"column":3}},"65":{"start":{"line":146,"column":4},"end":{"line":148,"column":5}},"66":{"start":{"line":147,"column":6},"end":{"line":147,"column":34}},"67":{"start":{"line":150,"column":4},"end":{"line":150,"column":21}},"68":{"start":{"line":151,"column":4},"end":{"line":156,"column":5}},"69":{"start":{"line":152,"column":29},"end":{"line":152,"column":60}},"70":{"start":{"line":152,"column":62},"end":{"line":152,"column":68}},"71":{"start":{"line":153,"column":29},"end":{"line":153,"column":59}},"72":{"start":{"line":153,"column":62},"end":{"line":153,"column":68}},"73":{"start":{"line":154,"column":29},"end":{"line":154,"column":61}},"74":{"start":{"line":154,"column":62},"end":{"line":154,"column":68}},"75":{"start":{"line":155,"column":29},"end":{"line":155,"column":58}},"76":{"start":{"line":155,"column":62},"end":{"line":155,"column":68}},"77":{"start":{"line":158,"column":4},"end":{"line":160,"column":5}},"78":{"start":{"line":159,"column":6},"end":{"line":159,"column":19}},"79":{"start":{"line":162,"column":4},"end":{"line":164,"column":5}},"80":{"start":{"line":163,"column":6},"end":{"line":163,"column":31}},"81":{"start":{"line":166,"column":4},"end":{"line":166,"column":13}},"82":{"start":{"line":169,"column":2},"end":{"line":192,"column":3}},"83":{"start":{"line":170,"column":4},"end":{"line":173,"column":5}},"84":{"start":{"line":172,"column":6},"end":{"line":172,"column":37}},"85":{"start":{"line":175,"column":4},"end":{"line":175,"column":21}},"86":{"start":{"line":176,"column":4},"end":{"line":181,"column":5}},"87":{"start":{"line":177,"column":29},"end":{"line":177,"column":60}},"88":{"start":{"line":177,"column":63},"end":{"line":177,"column":69}},"89":{"start":{"line":178,"column":29},"end":{"line":178,"column":61}},"90":{"start":{"line":178,"column":63},"end":{"line":178,"column":69}},"91":{"start":{"line":179,"column":29},"end":{"line":179,"column":59}},"92":{"start":{"line":179,"column":63},"end":{"line":179,"column":69}},"93":{"start":{"line":180,"column":29},"end":{"line":180,"column":62}},"94":{"start":{"line":180,"column":63},"end":{"line":180,"column":69}},"95":{"start":{"line":183,"column":4},"end":{"line":185,"column":5}},"96":{"start":{"line":184,"column":6},"end":{"line":184,"column":19}},"97":{"start":{"line":187,"column":4},"end":{"line":189,"column":5}},"98":{"start":{"line":188,"column":6},"end":{"line":188,"column":32}},"99":{"start":{"line":191,"column":4},"end":{"line":191,"column":13}},"100":{"start":{"line":194,"column":2},"end":{"line":217,"column":3}},"101":{"start":{"line":195,"column":4},"end":{"line":198,"column":5}},"102":{"start":{"line":197,"column":6},"end":{"line":197,"column":35}},"103":{"start":{"line":200,"column":4},"end":{"line":200,"column":21}},"104":{"start":{"line":201,"column":4},"end":{"line":206,"column":5}},"105":{"start":{"line":202,"column":29},"end":{"line":202,"column":61}},"106":{"start":{"line":202,"column":63},"end":{"line":202,"column":69}},"107":{"start":{"line":203,"column":29},"end":{"line":203,"column":60}},"108":{"start":{"line":203,"column":63},"end":{"line":203,"column":69}},"109":{"start":{"line":204,"column":29},"end":{"line":204,"column":62}},"110":{"start":{"line":204,"column":63},"end":{"line":204,"column":69}},"111":{"start":{"line":205,"column":29},"end":{"line":205,"column":59}},"112":{"start":{"line":205,"column":63},"end":{"line":205,"column":69}},"113":{"start":{"line":208,"column":4},"end":{"line":210,"column":5}},"114":{"start":{"line":209,"column":6},"end":{"line":209,"column":19}},"115":{"start":{"line":212,"column":4},"end":{"line":214,"column":5}},"116":{"start":{"line":213,"column":6},"end":{"line":213,"column":32}},"117":{"start":{"line":216,"column":4},"end":{"line":216,"column":13}},"118":{"start":{"line":219,"column":2},"end":{"line":242,"column":3}},"119":{"start":{"line":220,"column":4},"end":{"line":223,"column":5}},"120":{"start":{"line":222,"column":6},"end":{"line":222,"column":41}},"121":{"start":{"line":225,"column":4},"end":{"line":225,"column":21}},"122":{"start":{"line":226,"column":4},"end":{"line":231,"column":5}},"123":{"start":{"line":227,"column":29},"end":{"line":227,"column":64}},"124":{"start":{"line":227,"column":67},"end":{"line":227,"column":73}},"125":{"start":{"line":228,"column":29},"end":{"line":228,"column":65}},"126":{"start":{"line":228,"column":67},"end":{"line":228,"column":73}},"127":{"start":{"line":229,"column":29},"end":{"line":229,"column":63}},"128":{"start":{"line":229,"column":67},"end":{"line":229,"column":73}},"129":{"start":{"line":230,"column":29},"end":{"line":230,"column":66}},"130":{"start":{"line":230,"column":67},"end":{"line":230,"column":73}},"131":{"start":{"line":233,"column":4},"end":{"line":235,"column":5}},"132":{"start":{"line":234,"column":6},"end":{"line":234,"column":19}},"133":{"start":{"line":237,"column":4},"end":{"line":239,"column":5}},"134":{"start":{"line":238,"column":6},"end":{"line":238,"column":36}},"135":{"start":{"line":241,"column":4},"end":{"line":241,"column":13}},"136":{"start":{"line":244,"column":2},"end":{"line":267,"column":3}},"137":{"start":{"line":245,"column":4},"end":{"line":248,"column":5}},"138":{"start":{"line":247,"column":6},"end":{"line":247,"column":39}},"139":{"start":{"line":250,"column":4},"end":{"line":250,"column":21}},"140":{"start":{"line":251,"column":4},"end":{"line":256,"column":5}},"141":{"start":{"line":252,"column":29},"end":{"line":252,"column":65}},"142":{"start":{"line":252,"column":67},"end":{"line":252,"column":73}},"143":{"start":{"line":253,"column":29},"end":{"line":253,"column":64}},"144":{"start":{"line":253,"column":67},"end":{"line":253,"column":73}},"145":{"start":{"line":254,"column":29},"end":{"line":254,"column":66}},"146":{"start":{"line":254,"column":67},"end":{"line":254,"column":73}},"147":{"start":{"line":255,"column":29},"end":{"line":255,"column":63}},"148":{"start":{"line":255,"column":67},"end":{"line":255,"column":73}},"149":{"start":{"line":258,"column":4},"end":{"line":260,"column":5}},"150":{"start":{"line":259,"column":6},"end":{"line":259,"column":19}},"151":{"start":{"line":262,"column":4},"end":{"line":264,"column":5}},"152":{"start":{"line":263,"column":6},"end":{"line":263,"column":36}},"153":{"start":{"line":266,"column":4},"end":{"line":266,"column":13}},"154":{"start":{"line":269,"column":2},"end":{"line":271,"column":3}},"155":{"start":{"line":270,"column":4},"end":{"line":270,"column":72}},"156":{"start":{"line":273,"column":2},"end":{"line":275,"column":3}},"157":{"start":{"line":274,"column":4},"end":{"line":274,"column":74}},"158":{"start":{"line":277,"column":2},"end":{"line":279,"column":3}},"159":{"start":{"line":278,"column":4},"end":{"line":278,"column":72}},"160":{"start":{"line":281,"column":2},"end":{"line":283,"column":3}},"161":{"start":{"line":282,"column":4},"end":{"line":282,"column":72}},"162":{"start":{"line":285,"column":2},"end":{"line":288,"column":3}},"163":{"start":{"line":286,"column":4},"end":{"line":287,"column":48}},"164":{"start":{"line":290,"column":2},"end":{"line":295,"column":3}},"165":{"start":{"line":291,"column":4},"end":{"line":293,"column":5}},"166":{"start":{"line":292,"column":6},"end":{"line":292,"column":39}},"167":{"start":{"line":294,"column":4},"end":{"line":294,"column":24}},"168":{"start":{"line":297,"column":2},"end":{"line":302,"column":3}},"169":{"start":{"line":298,"column":4},"end":{"line":300,"column":5}},"170":{"start":{"line":299,"column":6},"end":{"line":299,"column":37}},"171":{"start":{"line":301,"column":4},"end":{"line":301,"column":24}},"172":{"start":{"line":304,"column":2},"end":{"line":312,"column":3}},"173":{"start":{"line":305,"column":4},"end":{"line":307,"column":5}},"174":{"start":{"line":306,"column":6},"end":{"line":306,"column":35}},"175":{"start":{"line":308,"column":4},"end":{"line":310,"column":5}},"176":{"start":{"line":309,"column":6},"end":{"line":309,"column":35}},"177":{"start":{"line":311,"column":4},"end":{"line":311,"column":21}},"178":{"start":{"line":314,"column":2},"end":{"line":324,"column":3}},"179":{"start":{"line":315,"column":4},"end":{"line":321,"column":5}},"180":{"start":{"line":316,"column":6},"end":{"line":320,"column":7}},"181":{"start":{"line":317,"column":8},"end":{"line":317,"column":46}},"182":{"start":{"line":318,"column":13},"end":{"line":320,"column":7}},"183":{"start":{"line":319,"column":8},"end":{"line":319,"column":38}},"184":{"start":{"line":323,"column":4},"end":{"line":323,"column":16}},"185":{"start":{"line":326,"column":2},"end":{"line":339,"column":3}},"186":{"start":{"line":327,"column":4},"end":{"line":327,"column":18}},"187":{"start":{"line":328,"column":4},"end":{"line":332,"column":5}},"188":{"start":{"line":329,"column":6},"end":{"line":329,"column":39}},"189":{"start":{"line":331,"column":6},"end":{"line":331,"column":40}},"190":{"start":{"line":334,"column":4},"end":{"line":336,"column":5}},"191":{"start":{"line":335,"column":6},"end":{"line":335,"column":88}},"192":{"start":{"line":338,"column":4},"end":{"line":338,"column":21}},"193":{"start":{"line":341,"column":2},"end":{"line":346,"column":3}},"194":{"start":{"line":342,"column":4},"end":{"line":344,"column":5}},"195":{"start":{"line":343,"column":6},"end":{"line":343,"column":38}},"196":{"start":{"line":345,"column":4},"end":{"line":345,"column":37}},"197":{"start":{"line":348,"column":2},"end":{"line":354,"column":3}},"198":{"start":{"line":349,"column":4},"end":{"line":353,"column":5}},"199":{"start":{"line":350,"column":6},"end":{"line":350,"column":60}},"200":{"start":{"line":352,"column":6},"end":{"line":352,"column":39}},"201":{"start":{"line":356,"column":2},"end":{"line":361,"column":3}},"202":{"start":{"line":357,"column":4},"end":{"line":359,"column":5}},"203":{"start":{"line":358,"column":6},"end":{"line":358,"column":33}},"204":{"start":{"line":360,"column":4},"end":{"line":360,"column":22}},"205":{"start":{"line":363,"column":2},"end":{"line":368,"column":3}},"206":{"start":{"line":364,"column":4},"end":{"line":367,"column":6}},"207":{"start":{"line":370,"column":2},"end":{"line":372,"column":3}},"208":{"start":{"line":371,"column":4},"end":{"line":371,"column":42}},"209":{"start":{"line":374,"column":2},"end":{"line":376,"column":3}},"210":{"start":{"line":375,"column":4},"end":{"line":375,"column":62}},"211":{"start":{"line":378,"column":2},"end":{"line":380,"column":3}},"212":{"start":{"line":379,"column":4},"end":{"line":379,"column":77}},"213":{"start":{"line":382,"column":2},"end":{"line":384,"column":3}},"214":{"start":{"line":383,"column":4},"end":{"line":383,"column":41}},"215":{"start":{"line":386,"column":2},"end":{"line":388,"column":3}},"216":{"start":{"line":387,"column":4},"end":{"line":387,"column":44}},"217":{"start":{"line":390,"column":2},"end":{"line":395,"column":3}},"218":{"start":{"line":391,"column":4},"end":{"line":393,"column":5}},"219":{"start":{"line":392,"column":6},"end":{"line":392,"column":29}},"220":{"start":{"line":394,"column":4},"end":{"line":394,"column":13}},"221":{"start":{"line":397,"column":2},"end":{"line":420,"column":3}},"222":{"start":{"line":398,"column":4},"end":{"line":403,"column":12}},"223":{"start":{"line":405,"column":4},"end":{"line":410,"column":12}},"224":{"start":{"line":412,"column":4},"end":{"line":412,"column":27}},"225":{"start":{"line":413,"column":4},"end":{"line":415,"column":5}},"226":{"start":{"line":414,"column":6},"end":{"line":414,"column":23}},"227":{"start":{"line":416,"column":4},"end":{"line":418,"column":5}},"228":{"start":{"line":417,"column":6},"end":{"line":417,"column":23}},"229":{"start":{"line":419,"column":4},"end":{"line":419,"column":22}},"230":{"start":{"line":422,"column":2},"end":{"line":427,"column":3}},"231":{"start":{"line":423,"column":4},"end":{"line":425,"column":5}},"232":{"start":{"line":424,"column":6},"end":{"line":424,"column":15}},"233":{"start":{"line":426,"column":4},"end":{"line":426,"column":13}},"234":{"start":{"line":430,"column":2},"end":{"line":445,"column":3}},"235":{"start":{"line":432,"column":4},"end":{"line":434,"column":5}},"236":{"start":{"line":433,"column":6},"end":{"line":433,"column":13}},"237":{"start":{"line":436,"column":4},"end":{"line":438,"column":5}},"238":{"start":{"line":437,"column":6},"end":{"line":437,"column":13}},"239":{"start":{"line":441,"column":4},"end":{"line":444,"column":6}},"240":{"start":{"line":447,"column":2},"end":{"line":450,"column":3}},"241":{"start":{"line":448,"column":4},"end":{"line":449,"column":58}},"242":{"start":{"line":454,"column":2},"end":{"line":459,"column":3}},"243":{"start":{"line":455,"column":4},"end":{"line":457,"column":5}},"244":{"start":{"line":456,"column":6},"end":{"line":456,"column":46}},"245":{"start":{"line":458,"column":4},"end":{"line":458,"column":46}},"246":{"start":{"line":461,"column":2},"end":{"line":1146,"column":3}},"247":{"start":{"line":462,"column":4},"end":{"line":462,"column":79}},"248":{"start":{"line":463,"column":4},"end":{"line":463,"column":108}},"249":{"start":{"line":464,"column":4},"end":{"line":464,"column":105}},"250":{"start":{"line":465,"column":4},"end":{"line":465,"column":115}},"251":{"start":{"line":468,"column":4},"end":{"line":468,"column":42}},"252":{"start":{"line":469,"column":4},"end":{"line":469,"column":43}},"253":{"start":{"line":472,"column":4},"end":{"line":472,"column":38}},"254":{"start":{"line":476,"column":4},"end":{"line":477,"column":42}},"255":{"start":{"line":478,"column":4},"end":{"line":479,"column":42}},"256":{"start":{"line":480,"column":4},"end":{"line":481,"column":43}},"257":{"start":{"line":482,"column":4},"end":{"line":483,"column":43}},"258":{"start":{"line":487,"column":4},"end":{"line":487,"column":49}},"259":{"start":{"line":488,"column":4},"end":{"line":488,"column":98}},"260":{"start":{"line":490,"column":4},"end":{"line":530,"column":5}},"261":{"start":{"line":491,"column":6},"en
[...]
  testLayout(","      {style: {minWidth: 300, minHeight: 700}, children: [","        {style: {width: 200, height: 300}},","        {style: {width: 200, height: 300}}","      ]},","      {width: 300, height: 700, top: 0, left: 0, children: [","        {width: 200, height: 300, top: 0, left: 0},","        {width: 200, height: 300, top: 300, left: 0}","      ]}","    );","  });","","  it('should keep stretched size within bounds', function() {","    testLayout(","      {style: {width: 1000, alignItems: 'stretch'}, children: [","        {style: {height: 100, minHeight: 90, maxHeight: 110, minWidth: 900, maxWidth: 1100}}","      ]},","      {width: 1000, height: 100, top: 0, left: 0, children: [","        {width: 1000, height: 100, top: 0, left: 0}","      ]}","    );","  });","","  it('should keep stretched size within max bounds', function() {","    testLayout(","      {style: {width: 1000, alignItems: 'stretch'}, children: [","        {style: {height: 100, maxHeight: 90, maxWidth: 900}}","      ]},","      {width: 1000, height: 90, top: 0, left: 0, children: [","        {width: 900, height: 90, top: 0, left: 0}","      ]}","    );","  });","","  it('should keep stretched size within min bounds', function() {","    testLayout(","      {style: {width: 1000, alignItems: 'stretch'}, children: [","        {style: {height: 100, minHeight: 110, minWidth: 1100}}","      ]},","      {width: 1000, height: 110, top: 0, left: 0, children: [","        {width: 1100, height: 110, top: 0, left: 0}","      ]}","    );","  });","","  it('should keep cross axis size within min bounds', function() {","    testLayout(","      {style: {width: 1000, flexDirection: 'row'}, children: [","        {style: {height: 100, minHeight: 110, minWidth: 100}}","      ]},","      {width: 1000, height: 110, top: 0, left: 0, children: [","        {width: 100, height: 110, top: 0, left: 0}","      ]}","    );","  });","","  it('should keep cross axis size within min bounds in rtl', function() {","    testLayout(","      {style: {width: 1000, direction: 'rtl', flexDirection: 'row'}, children: [","        {style: {height: 100, minHeight: 110, minWidth: 100}}","      ]},","      {width: 1000, height: 110, top: 0, left: 0, children: [","        {width: 100, height: 110, top: 0, left: 900}","      ]}","    );","  });","","  it('should layout node with position absolute, top and left and max bounds', function() {","    testLayout(","      {style: {width: 1000, height: 1000}, children: [","        {style: {position: 'absolute', top: 100, left: 100, bottom: 100, right: 100, maxWidth: 500, maxHeight: 600}}","      ]},","      {width: 1000, height: 1000, top: 0, left: 0, children: [","        {width: 500, height: 600, top: 100, left: 100}","      ]}","    );","  });","","  it('should layout node with position absolute, top and left and min bounds', function() {","    testLayout(","      {style: {width: 1000, height: 1000}, children: [","        {style: {position: 'absolute', top: 100, left: 100, bottom: 100, right: 100, minWidth: 900, minHeight: 1000}}","      ]},","      {width: 1000, height: 1000, top: 0, left: 0, children: [","        {width: 900, height: 1000, top: 100, left: 100}","      ]}","    );","  });","","  xit('should layout minHeight with a flex child', function() {","    testLayout(","      {style: {minHeight: 800}, children: [","        {style: {flex: 1}}","      ]},","      {width: 0, height: 800, top: 0, left: 0, children: [","        {width: 0, height: 800, top: 0, left: 0}","      ]}","    );","  });","","  xit('should layout node with a nested sibling child with width', function() {","    testLayout(","      {style: {}, children: [","        {style: {width: 5}},","        {style: {}, children: [","          {style: {}}","        ]}","      ]},","      {width: 5, height: 0, top: 0, left: 0, children: [","        {width: 5, height: 0, top: 0, left: 0},","        {width: 5, height: 0, top: 0, left: 0, children: [","          {width: 5, height: 0, top: 0, left: 0}","        ]}","      ]}","    );","  });","","  it('should layout absolutely positioned node with absolutely positioned padded parent', function() {","    testLayout(","      {style: {width: 400, height: 400}, children: [","        {style: {position: 'absolute', top: 100, left: 100, right: 100, bottom: 100, padding: 10}, children: [","          {style: {position: 'absolute', top: 10, left: 10, right: 10, bottom: 10}}","        ]}","      ]},","      {width: 400, height: 400, top: 0, left: 0, children: [","        {width: 200, height: 200, top: 100, left: 100, children: [","          {width: 180, height: 180, top: 10, left: 10}","        ]}","      ]}","    );","  });","","  it('should layout absolutely positioned node with absolutely positioned padded and bordered parent', function() {","    testLayout(","      {style: {width: 400, height: 400}, children: [","        {style: {position: 'absolute', top: 100, left: 100, right: 100, bottom: 100, padding: 10, borderWidth: 1}, children: [","          {style: {position: 'absolute', top: 10, left: 10, right: 10, bottom: 10}}","        ]}","      ]},","      {width: 400, height: 400, top: 0, left: 0, children: [","        {width: 200, height: 200, top: 100, left: 100, children: [","          {width: 178, height: 178, top: 11, left: 11}","        ]}","      ]}","    );","  });","","  it('should layout absolutely positioned node with padded flex 1 parent', function() {","    testLayout(","      {style: {width: 400, height: 400}, children: [","        {style: {flex: 1, padding: 10}, children: [","          {style: {position: 'absolute', top: 10, left: 10, right: 10, bottom: 10}}","        ]}","      ]},","      {width: 400, height: 400, top: 0, left: 0, children: [","        {width: 400, height: 400, top: 0, left: 0, children: [","          {width: 380, height: 380, top: 10, left: 10}","        ]}","      ]}","    );","  });","","  it('should layout nested nodes with mixed directions', function() {","    testLayout(","      {style: {width: 200, height: 200, direction: 'rtl'}, children: [","        {style: {flexDirection: 'row'}, children: [","          {style: {width: 50, height: 50}},","          {style: {width: 50, height: 50}}","        ]},","        {style: {direction: 'ltr', flexDirection: 'row'}, children: [","          {style: {width: 50, height: 50}},","          {style: {width: 50, height: 50}}","        ]}","      ]},","      {width: 200, height: 200, top: 0, left: 0, children: [","        {width: 200, height: 50, top: 0, left: 0, children: [","          {width: 50, height: 50, top: 0, left: 150},","          {width: 50, height: 50, top: 0, left: 100}","        ]},","        {width: 200, height: 50, top: 50, left: 0, children: [","          {width: 50, height: 50, top: 0, left: 0},","          {width: 50, height: 50, top: 0, left: 50}","        ]}","      ]}","    );","  });","","  it('should correctly space wrapped nodes', function() {","    testLayout(","      {style: {width: 320, height: 200, flexDirection: 'row', justifyContent: 'space-between', flexWrap: 'wrap'}, children: [","        {style: {width: 100, height: 100}},","        {style: {width: 100, height: 100}},","        {style: {width: 100, height: 100}},","        {style: {width: 100, height: 100}},","        {style: {width: 100, height: 100}},","        {style: {width: 100, height: 100}}","      ]},","      {width: 320, height: 200, top: 0, left: 0, children: [","        {width: 100, height: 100, top: 0, left: 0},","        {width: 100, height: 100, top: 0, left: 110},","        {width: 100, height: 100, top: 0, left: 220},","        {width: 100, height: 100, top: 100, left: 0},","        {width: 100, height: 100, top: 100, left: 110},","        {width: 100, height: 100, top: 100, left: 220}","      ]}","    );","  });","","","  it('should give start/end padding precedence over left/right padding', function() {","    testLayout(","      {style: {width: 200, paddingLeft: 5, paddingStart: 15, paddingRight: 5, paddingEnd: 15}, children: [","        {style: {height: 50}}","      ]},","      {width: 200, height: 50, top: 0, left: 0, children: [","        {width: 170, height: 50, top: 0, left: 15}","      ]}","    );","  });","","  it('should give start/end margin precedence over left/right margin', function() {","    testLayout(","      {style: {width: 200}, children: [","        {style: {height: 50, marginLeft: 5, marginStart: 15, marginRight: 5, marginEnd: 15}}","      ]},","      {width: 200, height: 50, top: 0, left: 0, children: [","        {width: 170, height: 50, top: 0, left: 15}","      ]}","    );","  });","","  it('should give start/end border precedence over left/right border', function() {","    testLayout(","      {style: {width: 200, borderLeftWidth: 5, borderStartWidth: 15, borderRightWidth: 5, borderEndWidth: 15}, children: [","        {style: {height: 50}}","      ]},","      {width: 200, height: 50, top: 0, left: 0, children: [","        {width: 170, height: 50, top: 0, left: 15}","      ]}","    );","  });","","  it('should layout node with correct start/end padding', function() {","    testLayout(","      {style: {width: 200, paddingStart: 15, paddingEnd: 5}, children: [","        {style: {height: 50}}","      ]},","      {width: 200, height: 50, top: 0, left: 0, children: [","        {width: 180, height: 50, top: 0, left: 15}","      ]}","    );","  });","","  it('should layout node with correct start/end padding in rtl', function() {","    testLayout(","      {style: {width: 200, direction: 'rtl', paddingStart: 15, paddingEnd: 5}, children: [","        {style: {height: 50}}","      ]},","      {width: 200, height: 50, top: 0, left: 0, children: [","        {width: 180, height: 50, top: 0, left: 5}","      ]}","    );","  });","","  it('should layout node with correct start/end margin', function() {","    testLayout(","      {style: {width: 200}, children: [","        {style: {height: 50, marginStart: 15, marginEnd: 5}}","      ]},","      {width: 200, height: 50, top: 0, left: 0, children: [","        {width: 180, height: 50, top: 0, left: 15}","      ]}","    );","  });","","  it('should layout node with correct start/end margin in rtl', function() {","    testLayout(","      {style: {width: 200}, children: [","        {style: {height: 50, direction: 'rtl', marginStart: 15, marginEnd: 5}}","      ]},","      {width: 200, height: 50, top: 0, left: 0, children: [","        {width: 180, height: 50, top: 0, left: 5}","      ]}","    );","  });","","  it('should layout node with correct start/end border', function() {","    testLayout(","      {style: {width: 200, borderStartWidth: 15, borderEndWidth: 5}, children: [","        {style: {height: 50}}","      ]},","      {width: 200, height: 50, top: 0, left: 0, children: [","        {width: 180, height: 50, top: 0, left: 15}","      ]}","    );","  });","","  it('should layout node with correct start/end border in rtl', function() {","    testLayout(","      {style: {width: 200, direction: 'rtl', borderStartWidth: 15, borderEndWidth: 5}, children: [","        {style: {height: 50}}","      ]},","      {width: 200, height: 50, top: 0, left: 0, children: [","        {width: 180, height: 50, top: 0, left: 5}","      ]}","    );","  });","","  it('should layout node with a 0 width', function() {","    testLayout(","      {style: {width: 200}, children: [","        {style: {width: 0}}","      ]},","      {width: 200, height: 0, top: 0, left: 0, children: [","        {width: 0, height: 0, top: 0, left: 0}","      ]}","    );","  });","","  xit('should stretch a nested child', function() {","    testLayout(","      {children: [","        {children: [{}]},","        {style: {width: 40}}","      ]},","      {width: 40, height: 0, top: 0, left: 0, children: [","        {width: 40, height: 0, top: 0, left: 0, children: [","          {width: 40, height: 0, top: 0, left: 0}","        ]},","        {width: 40, height: 0, top: 0, left: 0}","      ]}","    );","  });","});","","describe('Layout alignContent', function() {","","  it('should layout with alignContent: stretch, and alignItems: flex-start', function() {","    testLayout(","      {style: {width: 300, height: 380, flexDirection: 'row', flexWrap: 'wrap', alignContent: 'stretch', alignItems: 'flex-start'},","       children: [","         /* 0 */ {style: {width: 50, height: 50, margin: 10}},","         /* 1 */ {style: {width: 50, height: 50, margin: 10}},","         /* 2 */ {style: {width: 50, height: 50, margin: 10}},","         /* 3 */ {style: {width: 50, height: 50, margin: 10}},","         /* 4 */ {style: {width: 50, height: 100, margin: 10}},","         /* 5 */ {style: {width: 50, height: 50, margin: 10, alignSelf: 'flex-start'}},","         /* 6 */ {style: {width: 50, height: 50, margin: 10}},","         /* 7 */ {style: {width: 50, height: 100, margin: 10}},","         /* 8 */ {style: {width: 50, height: 50, margin: 10}},","         /* 9 */ {style: {width: 50, height: 50, margin: 10}},","         /* 10 */ {style: {width: 50, height: 50, margin: 10, alignSelf: 'flex-start' }},","         /* 11 */ {style: {width: 50, height: 50, margin: 10}},","         /* 12 */ {style: {width: 50, height: 50, margin: 10}},","         /* 13 */ {style: {width: 50, height: 50, margin: 10, alignSelf: 'flex-start'}},","         /* 14 */ {style: {width: 50, height: 50, margin: 10}}","       ]","      },","      {width: 300, height: 380, top: 0, left: 0, children: [","        {width: 50, height: 50, top: 10, left: 10},","        {width: 50, height: 50, top: 10, left: 80},","        {width: 50, height: 50, top: 10, left: 150},","        {width: 50, height: 50, top: 10, left: 220},","        {width: 50, height: 100, top: 92.5, left: 10},","        {width: 50, height: 50, top: 92.5, left: 80},","        {width: 50, height: 50, top: 92.5, left: 150},","        {width: 50, height: 100, top: 92.5, left: 220},","        {width: 50, height: 50, top: 225, left: 10},","        {width: 50, height: 50, top: 225, left: 80},","        {width: 50, height: 50, top: 225, left: 150},","        {width: 50, height: 50, top: 225, left: 220},","        {width: 50, height: 50, top: 307.5, left: 10},","        {width: 50, height: 50, top: 307.5, left: 80},","        {width: 50, height: 50, top: 307.5, left: 150}","      ]}","    );","  });","","","  function testAlignContent(alignContent, alignItems) {","    it('should layout with alignContent: ' + alignContent + ', and alignItems: ' + alignItems, function() {","      testLayoutAgainstDomOnly(","        {style: {width: 300, height: 380, flexDirection: 'row', flexWrap: 'wrap', alignContent: alignContent, alignItems: alignItems},","         children: [","           /* 0 */ {style: {width: 50, height: 50, margin: 10}},","           /* 1 */ {style: {width: 50, height: 50, margin: 10}},","           /* 2 */ {style: {width: 50, height: 50, margin: 10}},","           /* 3 */ {style: {width: 50, height: 50, margin: 10}},","           /* 4 */ {style: {width: 50, height: 100, margin: 10}},","           /* 5 */ {style: {width: 50, height: 50, margin: 10, alignSelf: 'flex-start'}},","           /* 6 */ {style: {width: 50, height: 50, margin: 10}},","           /* 7 */ {style: {width: 50, height: 100, margin: 10}},","           /* 8 */ {style: {width: 50, height: 50, margin: 10}},","           /* 9 */ {style: {width: 50, height: 50, margin: 10}},","           /* 10 */ {style: {width: 50, height: 50, margin: 10, alignSelf: 'flex-start' }},","           /* 11 */ {style: {width: 50, height: 50, margin: 10}},","           /* 12 */ {style: {width: 50, height: 50, margin: 10}},","           /* 13 */ {style: {width: 50, height: 50, margin: 10, alignSelf: 'flex-start'}},","           /* 14 */ {style: {width: 50, height: 50, margin: 10}}","         ]","        }","      );","    });","  }","  testAlignContent('stretch', 'center');","  testAlignContent('stretch', 'flex-end');","  testAlignContent('stretch', 'stretch');","","  testAlignContent('flex-start', 'flex-start');","  testAlignContent('flex-start', 'center');","  testAlignContent('flex-start', 'flex-end');","  testAlignContent('flex-start', 'stretch');","","  testAlignContent('center', 'flex-start');","  testAlignContent('center', 'center');","  testAlignContent('center', 'flex-end');","  testAlignContent('center', 'stretch');","","  testAlignContent('flex-end', 'flex-start');","  testAlignContent('flex-end', 'center');","  testAlignContent('flex-end', 'flex-end');","  testAlignContent('flex-end', 'stretch');","});",""],"l":{"11":1,"12":1,"13":1,"14":1,"15":1,"16":1,"18":1,"19":0,"20":0,"25":0,"26":0,"33":0,"34":0,"42":1,"43":1,"44":1,"51":1,"52":1,"66":1,"67":1,"81":1,"82":1,"100":1,"101":1,"119":1,"120":1,"126":1,"127":1,"141":1,"142":1,"156":1,"157":1,"169":1,"170":1,"182":1,"183":1,"195":1,"196":1,"208":1,"209":1,"221":1,"222":1,"234":1,"235":1,"247":1,"248":1,"266":1,"267":1,"285":1,"286":1,"298":1,"299":1,"311":1,"312":1,"324":1,"325":1,"337":1,"338":1,"350":1,"351":1,"363":1,"364":1,"376":1,"377":1,"389":1,"390":1,"402":1,"403":1,"415":1,"416":1,"428":1,"429":1,"441":1,"442":1,"452":1,"453":1,"465":1,"466":1,"478":1,"479":1,"491":1,"492":1,"504":1,"505":1,"517":1,"518":1,"530":1,"531":1,"543":1,"544":1,"556":1,"557":1,"567":1,"568":1,"578":1,"579":1,"589":1,"590":1,"600":1,"601":1,"611":1,"612":1,"622":1,"623":1,"635":1,"636":1,"648":1,"649":1,"655":1,"656":1,"666":1,"667":1,"677":1,"678":1,"694":1,"695":1,"711":1,"712":1,"722":1,"723":1,"733":1,"734":1,"744":1,"745":1,"751":1,"752":1,"762":1,"763":1,"773":1,"774":1,"784":1,"785":1,"795":1,"796":1,"810":1,"811":1,"817":1,"818":1,"828":1,"829":1,"835":1,"836":1,"842":1,"843":1,"857":1,"858":1,"868":1,"869":1,"879":1,"880":1,"886":1,"887":1,"893":1,"894":1,"910":1,"911":1,"921":1,"922":1,"934":1,"935":1,"945":1,"946":1,"956":1,"957":1,"967":1,"968":1,"980":1,"981":1,"993":1,"994":1,"1004":1,"1005":1,"1015":1,"1016":1,"1028":1,"1029":1,"1041":1,"1042":1,"1054":1,"1055":1,"1067":1,"1068":1,"1080":1,"1081":1,"1091":1,"1092":1,"1102":1,"1103":1,"1115":1,"1116":1,"1122":1,"1123":1,"1133":1,"1134":1,"1144":1,"1145":1,"1155":1,"1156":1,"1166":1,"1167":1,"1177":1,"1178":1,"1188":1,"1189":1,"1195":1,"1196":1,"1202":1,"1203":1,"1209":1,"1210":1,"1224":1,"1225":1,"1239":1,"1240":1,"1254":1,"1255":1,"1269":1,"1270":1,"1284":1,"1285":1,"1295":1,"1296":1,"1310":1,"1311":1,"1323":1,"1324":1,"1336":1,"1337":1,"1347":1,"1348":1,"1358":1,"1359":1,"1373":1,"1374":1,"1388":1,"1389":1,"1403":1,"1404":1,"1414":1,"1415":1,"1427":1,"1428":1,"1440":1,"1441":1,"1453":1,"1454":1,"1466":1,"1467":1,"1477":1,"1478":1,"1492":1,"1493":1,"1503":1,"1504":1,"1514":1,"1515":1,"1525":1,"1526":1,"1536":1,"1537":1,"1547":1,"1548":1,"1558":1,"1559":1,"1569":1,"1570":1,"1580":1,"1581":1,"1591":1,"1592":1,"1602":1,"1603":1,"1620":1,"1621":0,"1631":1,"1632":0,"1648":1,"1649":1,"1663":1,"1664":1,"1678":1,"1679":1,"1694":1,"1695":0,"1708":1,"1709":0,"1715":1,"1716":0,"1726":1,"1727":1,"1733":1,"1734":1,"1740":1,"1741":1,"1747":1,"1748":1,"1754":1,"1755":1,"1761":1,"1762":1,"1768":1,"1769":1,"1775":1,"1776":1,"1782":1,"1783":1,"1797":1,"1798":1,"1812":1,"1813":1,"1827":1,"1828":1,"1842":1,"1843":1,"1857":1,"1858":1,"1872":1,"1873":1,"1887":1,"1888":1,"1902":1,"1903":1,"1917":1,"1918":1,"1932":1,"1933":1,"1943":1,"1944":1,"1954":1,"1955":1,"1965":1,"1966":1,"1978":1,"1979":1,"1991":1,"1992":1,"2004":1,"2005":1,"2015":1,"2016":1,"2026":1,"2027":1,"2037":1,"2038":1,"2048":1,"2049":1,"2059":1,"2060":1,"2070":1,"2071":1,"2081":1,"2082":0,"2092":1,"2093":0,"2109":1,"2110":1,"2124":1,"2125":1,"2139":1,"2140":1,"2154":1,"2155":1,"2179":1,"2180":1,"2201":1,"2202":1,"2212":1,"2213":1,"2223":1,"2224":1,"2234":1,"2235":1,"2245":1,"2246":1,"2256":1,"2257":1,"2267":1,"2268":1,"2278":1,"2279":1,"2289":1,"2290":1,"2300":1,"2301":1,"2311":1,"2312":0,"2327":1,"2329":1,"2330":1,"2371":1,"2372":15,"2373":15,"2396":1,"2397":1,"2398":1,"2400":1,"2401":1,"2402":1,"2403":1,"2405":1,"2406":1,"2407":1,"2408":1,"2410":1,"2411":1,"2412":1,"2413":1}}}